9
9
9
9
-9
9
-38
9
-2
10
32
-123
-10
9
9
-9
-11
-11
9
-11
-284
-12
-12
-13
8
7
-260
6
-12
7
-14
4
-13
-15
4
-12
-14
6
6
7
-14
7
6
8
5
6
6
7
9
6
-14
-9
-14
-15
5
-14
-14
4
-14
-1383
-910
-67
-14
4
-61
-14
7
8
-1494
4
-784
-16
-1071
7
-14
7
-1561
-17
-12
-2
0
-152
-12
-17
9
2
2
-18
-18
-1909
-16
-18
-130
0
-1558
8
-14
1
2
-504
-19
5
9
5
-1144
6
-20
6
-20
-2383
-14
1
-14
-20
-20
6
-20
-19
-18
3
-627
9
-2070
7
8
-21
-12
3
-1
3
-2608
8
-771
-1161
6
5
4
-22
4
3
-15
-2351
5
7
-2329
5
-97
7
4
5
4
7
-18
6
5
7
7
3
-20
-18
4
-19
-22
1
5
7
-22
-3130
5
-1752
10
8
-15
10
-14
-468
8
5
-622
9
-21
-322
8
9
-18
8
-8
0
10
6
-18
-1
-82
-1061
-22
10
3
8
-18
10
10
10
-20
7
-21
-23
8
-13
9
6
-12
9
9
-23
-18
9
10
-14
5
1
9
-751
10
0
-22
-25
9
-21
8
6
-23
7
0
8
-2348
9
-22
-23
-21
9
8
-463
-1795
9
9
-2
-1
6
-22
-25
10
10
-2
1
3
10
-3
10
9
3
7
9
7
0
-26
4
-469
-27
10
9
8
0
-29
10
-26
-5
8
8
-10
7
10
-3062
-3
-10
0
9
9
9
-24
3
3
-19
6
10
6
-2116
-19
-23
6
-27
-13
4
-15
-949
-26
7
-92
-26
-28
6
-15
8
-2544
-28
9
8
-41
-15
6
-16
11
8
8
-2370
-18
-7
8
-607
-118
-2
9
-25
11
-14
1
5
-2156
10
9
7
1
-25
9
-25
-1845
5
-72
0
12
-24
0
-13
-1851
-1181
13
9
-2
10
-24
11
11
11
7
9
9
-2379
6
-25
11
-25
-72
-25
9
12
0
-25
11
11
10
-25
-25
13
7
-17
-25
10
-25
6
6
-15
14
-10
-540
17
-25
12
-10
12
-6
14
-22
-89
13
7
-24
11
-946
13
9
8
14
-24
14
-21
14
-21
13
3
-193
-25
3
13
10
15
443
14
-23
-23
15
-23
14
-1713
-1
2
-15
14
14
6
19
-1363
7
-15
-23
-15
9
14
12
-258
250
14
-24
14
10
-2
33
-20
14
-15
-17
-16
15
13
-1553
9
15
15
-21
-24
-5
15
13
15
-19
-25
-25
-7
-1
-24
-13
13
-21
-15
-18
14
-17
13
7
14
1
1
13
-1
15
13
-20
-1044
13
-3
3
-385
-17
11
14
3
14
-21
-926
-15
-11
7
15
-17
-39
-1272
12
11
-24
-22
12
-1033
7
-23
104
-17
9
14
14
-166
-253
15
-23
14
11
15
-3
-5
-23
-9
-1628
12
-11
-255
16
-727
-306
2
-19
-6
-17
-20
-22
-9
16
-97
16
14
-453
16
-19
15
-5
-6
8
154
15
-20
17
-20
12
-1047
-196
15
17
15
15
-1
-19
2
9
-411
-697
10
-17
5
18
-20
4
18
-18
-20
-18
-20
16
16
16
13
-19
8
9
16
5
-16
-20
4
19
15
22
22
20
-2
14
21
-19
21
5
923
4
20
-17
-303
-22
196
17
20
17
19
-22
7
20
20
-334
-3
15
-22
-13
-4
217
5
19
16
19
-18
13
-423
13
-701
20
-19
19
-10
19
14
8
14
-18
20
83
320
-464
18
5
-13
21
-19
19
17
-13
15
20
6
-22
12
20
16
20
20
-17
-19
-20
5
-19
15
13
21
369
-17
-20
21
5
21
15
22
829
-17
1374
-18
489
23
23
-17
1457
22
22
24
299
-18
5
22
22
22
22
9
7
22
-724
788
-13
24
22
6
