9
9
9
-10
8
9
-44
13
-10
10
10
-33
-124
-11
-9
11
112
9
12
10
-8
-8
11
-7
10
11
473
-8
10
-9
11
11
10
9
-8
10
11
-8
11
10
-4
10
10
10
-9
-46
-9
9
10
64
-8
9
10
10
9
10
-9
9
9
-11
-11
9
-39
10
10
9
10
10
-6
-95
10
-199
54
54
10
-11
-10
10
-9
-77
-10
-10
10
10
-9
12
4
8
-8
12
-8
446
10
9
12
-8
12
12
208
9
15
15
10
-7
-10
14
15
15
-10
-9
15
10
18
18
19
178
15
-7
10
-9
12
19
-7
14
15
19
9
9
14
18
9
24
194
1266
-9
14
13
-8
12
17
13
15
14
17
682
-3
16
19
19
14
-6
-10
14
-6
19
19
19
-9
19
12
13
-10
852
579
20
19
15
-5
9
15
18
-10
100
17
17
-9
10
17
-6
17
-10
17
-6
17
17
9
-10
10
17
17
-9
-9
-10
-5
-10
9
20
10
-10
-7
-5
14
-5
1837
-7
-8
16
-9
20
15
15
-8
-10
20
13
-1
15
1169
13
-6
17
20
1144
32
14
-11
18
15
19
-2
14
15
19
19
20
-10
16
1116
10
13
15
-6
-10
19
-10
21
11
4
19
-9
16
11
-5
20
20
20
-3
1428
-12
16
-11
15
15
15
15
-7
332
17
20
16
20
20
20
13
-3
20
12
-8
1179
13
-8
19
19
-7
16
724
19
19
17
29
108
4
17
20
19
19
17
17
19
13
-7
20
-10
6
50
16
19
-9
1272
-12
-11
1485
-2
-6
-11
-2
-5
-9
19
19
17
21
19
-12
279
19
12
18
-6
12
1412
537
1530
19
9
21
-12
-8
-12
-5
21
11
466
24
-10
18
-11
-10
-4
3
24
-4
1
1
13
26
26
-10
58
492
25
1498
11
9
25
25
-3
-11
9
1611
24
16
24
25
16
16
24
-11
0
16
-8
24
-13
13
23
23
13
-12
364
1332
-11
-11
129
-9
22
-11
-12
-12
-4
9
6
-9
23
-4
24
24
11
22
-11
10
-11
18
18
-4
22
21
18
1164
-11
11
24
22
-9
22
21
18
18
-4
21
-13
20
21
7
11
23
10
-5
21
21
-9
413
21
1226
6
-12
-14
20
20
-12
-11
-186
-11
77
2327
24
-14
20
-8
-73
20
21
21
-11
68
-11
-14
-6
23
-11
-10
-10
1165
20
24
-139
15
15
-12
-4
-15
1218
19
19
10
11
-10
19
-4
958
26
-11
334
-14
-14
18
19
-17
-149
15
13
-18
19
19
12
8
-7
-9
20
8
20
-6
-18
11
22
22
22
12
-11
845
337
1360
20
20
16
16
-15
18
-17
19
417
-17
-17
-8
19
12
-8
19
18
9
19
-11
13
-17
745
-18
650
-9
-16
13
10
10
14
21
54
9
-184
19
14
20
-13
21
20
19
76
-17
12
18
14
13
19
39
5
12
19
-10
-16
13
8
13
17
14
19
-15
-9
18
19
19
18
547
-8
11
-15
14
17
-8
17
24
14
-1
16
17
-20
16
-15
16
17
15
16
-10
11
-16
715
-18
16
324
10
-20
-13
-20
-13
-11
16
17
-45
16
16
14
-21
-237
-13
-276
-28
16
11
-13
16
-20
15
-501
14
-17
11
15
7
-38
8
15
8
12
15
12
13
-14
13
7
14
-240
11
-15
-900
-775
13
-20
-15
13
511
12
-9
-24
15
-21
12
1
12
-15
11
12
-20
9
-914
-19
12
-16
9
-1037
10
9
10
9
-12
11
11
5
-18
11
15
-423
11
-11
-849
-478
11
11
-18
3
-19
8
15
7
15
-22
-269
-1
15
6
11
-22
-1836
11
4
10
11
15
-17
5
-20
-20
-184
11
-18
12
11
-18
-20
-17
-19
9
10
5
15
-650
-17
6
9
15
11
-490
2
10
8
15
12
19
11
5
-568
11
9
-18
11
9
8
8
8
0
-22
11
7
5
9
8
9
-21
-58
10
8
-21
10
8
8
-18
5
-21
5
11
11
8
11
-24
-22
-22
11
10
-21
-1359
-778
11
10
8
-21
-870
12
12
-21
-12
-21
0
7
-21
-370
12
14
-19
13
-15
-15
-556
-16
-24
8
8
13
13
-20
13
-20
7
8
13
11
11
9
-20
12
-548
8
6
-19
11
11
13
-21
-18
-4
-240
10
-15
11
7
12
12
10
10
10
12
7
11
12
-19
-21
-15
-20
12
-264
8
-2
-23
4
-5
4
11
0
6
-24
6
3
-24
-10
-1385
-24
-24
11
11
-611
8
-13
5
9
-21
9
-4
-903
4
7
-19
3
-25
-1145
12
-24
-806
-23
5
11
-22
-1
12
12
-22
-58
-9
13
-454
10
-198
-24
7
12
12
5
14
13
-1104
-59
-1
5
12
-22
9
65
0
4
7
-5
-24
-4
-1012
9
-914
11
-2
-22
0
2
10
12
-2675
-2920
-4
5
-22
11
12
13
1
13
69
4
-25
1
-7
1
-12
4
-23
7
6
6
-2211
-630
-21
14
-1363
13
-22
-7
-22
13
5
-23
-2394
5
-23
13
4
-23
-522
-23
-2689
7
13
11
-2
-982
-22
-2
14
-22
-24
14
-23
-24
-25
-25
-1
11
12
-945
15
7
2
-2
-24
-25
-273
-1271
-14
-24
-7
-4
0
-24
-22
-20
7
-19
-22
15
15
-2
7
7
-734
12
15
-22
-2398
-24
7
-132
14
7
-994
-2454
-21
7
-20
11
1
7
-18
17
-618
13
-20
1
15
7
5
-20
-20
14
-21
-1053
6
4
-18
13
11
17
-21
-1273
-18
-454
12
11
15
13
-17
8
11
14
15
0
-68
-17
-19
-5
-14
-19
13
-19
-19
-25
15
15
-677
-17
-18
12
17
12
-136
-17
14
14
-20
-17
17
-22
-420
55
-19
-2280
15
8
-9
-20
15
-1124
15
-8
-18
-18
-495
18
-1
15
-1248
-16
18
14
-5
15
-1
10
2
15
15
-22
-22
0
13
11
16
105
-15
15
8
-15
14
-20
-19
3
19
15
7
15
-21
6
-21
6
19
15
-21
15
-22
46
-1550
10
-1650
-25
279
-16
13
-15
15
15
14
15
-10
-25
-20
19
19
2
-3
8
5
19
-25
7
-25
12
15
-13
-4
19
-628
-25
15
7
7
3
15
62
15
-120
-7
-21
-7
7
14
15
6
7
14
12
15
15
-1321
-1477
-25
9
-19
8
15
15
-3
-25
260
-25
-16
16
16
-22
17
-20
15
-438
-20
-25
18
232
15
14
15
17
14
18
-23
17
18
-433
-1828
5
25
-12
17
6
18
14
14
13
-24
15
17
-25
14
7
16
-26
-6
-26
10
10
4
14
-19
10
-2220
-4
-23
-15
14
-25
18
-1884
-24
17
9
-24
-19
-24
15
11
-374
-19
15
16
-26
8
1
13
-25
18
8
18
12
-20
5
-26
-24
-7
1
-5
-25
-25
-27
-21
17
13
-25
-26
9
17
-24
-25
17
9
-25
-21
6
4
9
9
7
-26
-26
17
12
-2204
-23
13
16
-1624
-26
17
-2245
12
-2164
15
15
-22
-460
-880
16
12
17
16
-25
15
6
0
16
-20
-28
-944
1
13
9
11
-30
15
1
-29
-9
-26
13
-31
17
-3518
3
-1762
17
13
-31
-27
14
-188
15
5
5
-2512
-25
-31
16
13
-31
12
3
17
3
-10
17
17
-31
-1330
5
-30
-30
-31
15
5
-4
4
18
18
-25
-25
15
-2265
-16
15
14
15
-681
-22
5
14
8
13
-28
5
-9
463
15
19
-28
-29
-25
-1644
-1
15
-29
20
20
20
243
15
-7
9
22
22
-1196
22
-12
15
16
-3011
5
14
17
5
-509
-22
9
-28
-9
14
6
7
-21
7
-28
-2541
20
-22
-28
10
10
22
-28
9
22
-2014
5
-28
-2452
7
16
-21
-1733
-652
-26
11
-1
-21
15
17
-18
-21
16
-3
-1571
-22
-22
10
-210
-22
-13
-1556
-13
9
-246
17
-25
5
-23
-531
17
-25
-1408
11
-1224
10
21
10
-619
14
20
-24
-1556
21
-955
21
-26
-6
-26
-346
-2353
-23
-266
7
14
5
6
-20
-1
-22
21
6
1
6
-27
20
-13
-664
22
12
-24
13
-28
25
5
-2
-23
13
25
25
-24
25
8
25
25
25
-1321
25
13
-2
-23
-29
-25
11
1
-23
-23
-28
29
-26
25
4
7
-28
26
-28
8
-20
-16
-22
28
28
-577
12
13
1
1
13
24
28
2
-16
-134
12
-2169
-9
-24
14
-21
-558
2
-100
-2137
8
14
5
8
29
29
-26
-15
-291
-8
28
-23
15
-15
22
0
-1012
-49
-26
318
-26
-715
-22
27
14
276
28
28
5
-23
14
29
-295
-793
4
3
-2
12
-26
14
7
16
-26
-19
26
-20
-13
4
14
7
-1304
-26
-25
-26
-9
15
-11
-26
14
8
-11
-27
-2
-671
8
-11
26
-20
6
-21
30
-20
0
7
14
-690
4
15
5
2
-767
9
30
30
-12
-27
5
9
29
-109
-19
-27
30
15
30
30
-27
9
6
29
12
-13
705
-27
9
10
-27
8
-21
29
1
6
28
6
10
-22
-26
344
5
29
30
30
8
31
17
7
-25
14
6
-26
-228
11
6
1083
10
7
32
8
-25
-14
31
-1140
11
13
-425
15
-11
14
5
29
31
-24
10
9
14
-24
18
-123
14
27
9
-12
11
-12
3
0
-10
10
-2361
-13
10
11
5
-1550
12
17
23
-26
30
-13
-26
5
30
7
-8
30
30
34
-25
6
3
30
-26
11
11
11
-15
-26
7
10
30
1
26
-25
11
-1927
2
-283
9
-711
3
-26
31
30
-13
11
11
31
26
-1146
30
12
-26
-26
-11
30
29
12
116
37
-704
6
-13
-26
14
5
16
11
4
3
3
112
4
28
13
13
-1950
6
-1063
12
-137
-20
12
-24
-8
5
29
21
-26
-24
26
-24
-26
-1118
-26
12
11
14
-26
-1583
-15
-26
-22
-21
7
31
15
6
-381
-24
10
30
-27
-14
13
10
-1281
-15
16
-23
-1057
10
-16
-11
-23
6
32
7
10
-7
-24
-24
9
9
29
5
4
-1143
1
29
13
-917
30
16
-86
10
123
-22
12
12
-15
30
14
13
-21
-580
13
-20
-257
13
14
-1290
836
28
13
-12
13
14
7
723
-11
-109
-1395
-23
30
13
-22
1
-1284
-36
1019
-888
15
-18
-25
-22
-25
14
-239
-16
8
7
441
31
25
-1211
6
14
-24
-424
-17
30
-15
24
30
12
-24
-15
30
-25
14
-24
4
5
7
0
-17
12
30
15
8
5
727
5
11
11
13
-25
8
-26
25
1
11
-25
30
30
267
30
4
7
-1943
5
4
7
-26
4
30
30
-26
30
-25
30
30
30
-18
16
-24
-316
10
8
29
-25
30
-15
-73
-24
-24
-1261
-461
11
-25
-1089
-22
30
5
26
-7
7
-15
30
25
30
11
-13
4
30
13
-20
-1056
-15
14
3
53
-21
14
-10
15
15
29
9
-19
52
12
-10
8
29
24
9
-20
14
1
31
-12
31
30
13
-67
30
1
-19
-24
-24
-14
-22
-478
13
26
11
14
-67
13
68
30
30
13
15
30
31
-25
13
16
13
-10
11
13
13
18
16
30
13
-26
13
31
-80
15
12
5
252
12
14
9
-26
30
16
30
16
12
30
-26
25
-4
-26
16
-26
12
-14
16
25
30
-12
-22
16
12
-26
31
12
13
13
-20
30
-11
-10
12
-20
12
16
31
-27
6
-1004
-27
30
24
-17
10
11
-21
-26
30
-10
-26
16
-26
16
123
30
30
26
16
26
-730
12
-25
16
-445
12
30
30
-25
16
45
11
-10
30
12
-17
16
16
30
16
12
-12
30
-13
11
-26
16
28
-45
18
30
1
30
-21
17
14
-26
17
17
31
5
30
7
17
-17
28
14
-934
9
28
13
-531
16
10
-694
-21
31
-25
30
448
1
-18
17
17
17
30
18
15
18
18
18
-12
19
19
20
20
43
11
30
-23
30
-23
22
-725
-116
-22
-22
21
26
12
19
21
558
21
9
21
28
13
21
-21
-20
17
2
22
22
22
23
28
23
21
10
24
-17
23
169
5
12
495
23
16
21
16
-18
16
29
52
22
-15
28
21
0
12
-10
28
28
23
4
22
284
494
17
565
30
-18
14
-15
23
13
348
23
-21
-20
11
23
21
147
20
-14
16
16
26
16
26
16
16
26
346
-14
1021
25
543
25
27
17
27
25
27
-18
-59
15
27
24
25
25
21
25
18
18
25
-17
28
1128
27
26
-10
-14
18
17
656
445
-16
-14
-16
18
4
-16
632
27
27
26
-16
-2
26
27
-12
17
27
-15
26
511
25
26
-15
26
21
-18
27
381
27
26
5
-13
26
-15
26
-16
16
26
26
1656
-16
217
-16
-12
26
26
-2
-16
26
26
-16
15
27
-93
26
-16
21
867
30
9
26
25
19
-16
19
19
25
19
-16
25
26
26
-16
-16
25
19
26
-16
19
20
-16
26
13
-16
358
24
-16
19
8
20
24
-16
22
-13
19
22
51
-18
259
-16
18
-18
-18
-16
23
713
26
7
26
672
26
18
24
-13
24
19
26
17
1288
18
9
18
593
-12
-10
26
20
1246
-12
-18
0
-11
1310
24
-10
999
18
25
-6
407
25
-1
-18
25
24
-18
26
-18
27
-15
16
24
-17
-18
640
24
24
122
26
-19
168
16
23
3
16
14
23
-13
19
13
23
-19
-87
16
24
81
23
-83
25
23
342
-22
-17
25
17
-11
24
24
21
25
-20
14
4
15
-6
22
25
15
17
18
-22
402
-167
8
26
23
20
-20
-4
16
28
20
23
22
-19
-21
22
913
419
21
6
20
-569
26
6
26
14
14
-14
12
-21
13
720
84
26
-23
-23
23
-24
25
-11
25
-15
16
-22
21
10
22
22
16
-13
11
25
-21
164
11
-25
-21
-17
2
-21
-25
-17
23
23
23
-23
25
-25
-25
25
25
23
16
11
23
23
-608
-174
-22
-28
-28
22
-14
-12
13
-29
-28
3
22
22
-28
21
22
21
14
-504
22
-28
21
19
-16
-5
19
22
19
-18
22
22
-12
-1264
22
10
5
22
4
31
22
-9
-33
21
21
20
1
23
428
-3157
-108
22
-30
8
-30
-35
22
22
-17
9
23
2
-13
-6
-3042
-1
-13
-18
23
3
-13
22
-226
-17
-1693
22
23
23
23
21
-4
-31
20
-181
-2
-7
-9
-35
-19
-3757
-2
19
-3684
-2053
-3980
19
-2
-2
-37
-7
22
21
10
-14
-39
-14
-10
15
-34
19
20
20
19
-40
9
20
22
18
-3542
-7
-41
5
18
5
-31
-40
20
21
23
18
417
-40
18
21
18
5
-25
18
5
-40
-22
6
-39
20
-39
14
-24
240
23
-33
-15
-36
21
23
20
-20
20
9
20
-38
-5
-5
-892
15
281
-1787
-9
-36
186
-3
-35
17
-18
21
21
16
-2061
23
21
19
21
23
-39
19
21
-40
14
-4544
-36
31
-31
21
-4
21
-38
-38
21
19
21
10
9
-186
21
22
-24
-39
10
-36
-7
-38
-1995
3
-31
-38
18
-30
21
-41
-43
-9
-41
4
-46
23
-9
19
-247
-9
-8
-5509
-495
-14
20
132
18
-45
-3526
20
18
18
20
19
-132
-42
-1
-9
16
6
-43
15
-42
18
15
15
-251
-26
-14
-27
18
-8
18
-45
9
17
18
12
-16
12
18
13
-43
-40
-8
4
-45
-1096
-44
-2
-6
-39
-8
14
-487
18
-6
-42
6
-6055
18
-5015
18
20
-2980
14
9
-43
-46
-42
-41
13
9
-1175
3
-12
-8
17
17
20
16
13
-11
-41
-41
-3645
15
3
3
-43
16
11
-4759
-1796
-1701
-12
-46
-46
-27
17
7
6
19
-9
17
3
-7
17
-35
-5773
16
-44
-13
17
16
18
-46
-39
16
-44
12
-44
9
-44
-44
-3073
-4487
199
1
-2
17
-44
-5540
16
16
17
20
-6
31
-5106
15
-30
-13
-107
15
15
-41
18
16
20
-34
-5
17
-40
16
16
-3613
20
-6008
-41
397
-36
1
14
14
-41
18
19
-11
1
-7
0
18
-9
-21
-12
-42
-6037
17
-44
17
15
-50
-48
-50
18
-4
-16
-52
17
-53
-5
-12
17
8
-8
-44
16
-17
-53
-225
-20
16
-12
-5411
-8
15
-6
13
-41
14
-5
-54
-3565
-9
-14
-37
-39
18
-45
-53
18
-54
13
-43
-3737
-10
-10
18
18
10
22
-53
18
-27
-54
18
-7
-53
-1438
18
-47
16
-53
-1817
-7
18
-1
-45
-19
-20
18
-7
15
-524
71
18
-46
-11
-30
20
-2440
11
6
-13
13
-6118
-3
-44
-4430
-38
18
-1
16
19
-6
-819
-49
-40
-1162
19
21
-1
14
54
22
19
19
18
21
-40
-45
-50
-1916
-50
-5561
-3386
-12
1
-22
-50
14
-50
3
17
-3
-969
17
-13
-50
-44
-5
17
17
-50
-4839
-46
-42
2
-51
-42
-14
-50
13
20
-50
-2928
-40
14
-4
-42
14
20
16
-19
2
-3999
-45
20
-3
10
-5730
-22
20
20
45
-43
1
-50
-13
20
-13
16
-8
18
-48
-52
-6356
-20
12
18
-43
18
15
18
-23
-42
-1451
-5770
-52
75
-52
17
18
17
-46
-34
-4
19
18
-12
13
-6099
-41
15
-5
9
-5
-55
-5
-23
18
-1
-2
-56
-56
17
1
-43
-1
16
-26
-4266
-2642
9
16
-22
-42
16
-3
-4108
-4619
-2
-803
-3978
-2
-19
-5223
-4989
-3
-40
-37
17
-1
-226
-7082
-42
16
14
-2
-58
-10
16
-41
-4150
-3
17
10
-58
-47
-6
-41
-1
-57
-56
12
8
9
10
17
-17
-22
-2818
10
-553
16
-43
-44
-13
13
15
-57
8
-804
-57
17
17
14
-23
-4794
-45
-13
-2
14
-25
-3
-42
14
11
-55
-56
-3
-3492
-56
-533
14
-55
-55
-44
-2
2
14
12
-21
17
-45
17
-22
-2
8
-24
14
18
14
-13
-3
16
18
0
15
14
18
-53
15
18
-52
13
6
-21
18
-52
-19
18
-3689
-52
13
1
-45
-13
-43
1
15
14
16
-51
-15
-44
3
10
13
-4413
-6046
-50
17
17
-46
18
17
-46
-3580
-6163
11
-17
17
17
16
16
-51
-2924
-2015
-51
-2090
-42
17
11
0
-2146
-393
13
4
16
-51
17
9
5
6
-51
12
17
8
-6
18
17
17
-7
-48
4
8
18
13
-20
18
-671
-26
13
6
16
18
5
5
15
15
13
-6171
-40
13
-33
205
-9
-8
4
4
-51
-879
18
-51
18
16
16
-4308
18
6
13
-36
-7
-7
0
12
7
-40
19
-4
13
18
-4718
10
-6
13
-6189
19
-49
-4448
-6
17
-2329
-2757
4
-2559
-6
9
17
17
-27
6
-50
-50
-50
13
17
-49
-49
-1960
19
19
15
-4
19
19
9
19
-40
-15
-39
16
-12
-424
18
18
-3352
8
18
14
14
-2
20
18
9
5
-2
-1918
9
18
20
16
-5
10
-40
-877
18
-47
-4608
11
19
11
10
-25
-19
-2
-50
-4685
-4517
-49
20
-34
-52
19
-2
-3795
13
7
-52
13
2
130
9
18
-32
-53
-29
-5788
183
-4523
8
19
8
18
-53
8
-45
17
17
-29
17
11
11
-51
18
11
-2
-51
-3863
2
-2763
-51
-5
11
11
19
35
0
19
12
19
-18
-7
-2101
19
14
-43
14
10
14
19
9
-5138
-8
14
11
-14
-1522
19
-51
11
8
-50
-1338
9
-5453
14
10
14
18
-2
11
-3
11
-2400
11
11
18
-230
14
-39
9
-51
-43
11
8
-49
-46
-48
-32
-4967
14
2
11
-46
-5856
15
10
11
-3
10
15
10
15
-2676
15
10
-49
2
-49
-16
-46
-4387
10
15
16
10
-49
-16
-5
12
-1667
-2
-2326
-406
-12
15
18
-46
-1582
18
16
-47
-47
16
17
17
-510
17
-47
12
15
-44
16
16
-47
-47
12
15
-45
15
-24
-179
16
13
15
-46
-48
13
18
16
-46
16
15
-2515
18
-4815
17
31
-3082
16
-40
-1
17
13
-9
-46
-3343
-1
-28
-7
-1345
-3111
-48
11
12
-46
-3686
-47
-47
-3281
-6
-1786
15
-16
-35
-1973
-14
17
17
-7
15
-14
15
-47
-47
17
-48
15
15
17
-32
-523
-35
-23
-35
16
-49
8
-1477
-23
8
8
-1
-53
-7400
11
9
9
-4952
12
-3286
-655
-80
10
16
-3
-4083
-53
0
14
-50
-52
-2617
9
-5
-1821
-17
8
0
14
14
9
14
11
-16
9
11
9
-6282
-5580
11
11
4
10
-1035
-2516
-48
11
15
-15
15
9
0
-26
-51
9
-50
15
11
-51
9
-12
11
-8
-49
11
11
-45
-14
10
8
10
-2504
9
-50
-50
-15
10
-50
12
11
11
-6165
-16
-149
11
-13
-49
-1049
17
-39
-49
11
12
11
-45
13
13
12
11
-49
12
12
-19
13
-50
-22
-48
13
1
13
13
-161
-48
7
6
11
-48
-48
14
13
-50
11
-48
14
-47
12
13
-5
-1295
-5101
-48
3
-48
-5125
14
-48
14
-48
14
-21
14
-20
14
14
4
-212
14
13
14
14
16
16
-52
-46
-46
-26
-49
-16
12
-46
2
13
-25
15
-39
12
16
-44
-46
-46
-23
-45
-4975
12
-45
-48
4
-45
-13
-45
14
14
-38
16
-5024
12
-13
-243
-20
-77
-23
16
-3251
10
17
16
17
-43
15
-16
-37
2
16
16
-1185
-45
16
16
16
17
16
16
17
-2890
17
-2548
16
7
-48
-1375
16
2
17
17
9
8
-45
-48
15
-3
-47
17
-25
-49
15
14
2
-49
14
-49
14
-49
14
14
-4129
14
-49
-117
-49
14
14
-49
-423
17
-46
14
-12
-45
-2673
-40
18
18
19
19
-1004
18
-42
12
-14
7
8
-23
7
19
-345
18
-46
18
-42
20
19
-44
-20
14
20
-45
12
16
-21
-1
17
-13
20
-40
-13
-3493
-44
21
-40
-44
21
21
21
21
-39
-21
20
-39
21
21
-919
21
-164
-44
21
9
10
-19
-30
13
20
21
-47
11
16
13
-47
3
21
-151
21
-753
22
17
-15
18
22
-19
17
22
-20
-47
21
-48
-44
-47
4
-8
4
15
-30
-40
19
-47
-49
21
19
-48
-48
8
20
20
20
15
6
-38
20
20
-38
22
-601
-48
4
-862
19
12
-48
6
-48
-30
15
21
-19
-3
19
7
21
-48
21
20
-104
-10
-16
15
-21
18
5
-561
-39
-3088
-52
17
6
21
1
7
-38
16
21
-19
9
-50
-38
12
-4281
-4667
21
22
-19
-18
22
8
20
20
16
-3478
20
22
21
-1242
15
22
-20
-18
22
-130
13
-50
13
3
22
-49
22
22
16
-32
24
24
-47
-43
-47
-47
-12
-3279
24
21
-49
-51
-13
24
19
-36
-595
24
14
-36
-12
-13
-394
-47
20
-501
-17
-24
-429
-4402
-3845
17
19
19
19
23
23
16
-861
-19
24
7
-47
-45
14
6
-48
2
-2922
-48
16
23
-1995
17
-35
-50
-549
19
-116
19
18
-14
-9
19
-29
18
18
-3550
-2822
16
16
-5455
16
16
16
-53
16
16
8
12
-53
-21
16
17
-41
17
2
-53
-1182
-2411
-17
16
-2
17
17
11
10
11
18
-21
16
7
-3932
-1244
18
16
-53
18
16
18
17
-14
8
5
-55
11
-55
18
16
-53
-42
-45
-6976
-55
-53
14
-47
-53
19
16
-1
-52
18
18
15
-16
11
-52
19
18
-52
-40
18
12
12
18
-53
14
16
7
-44
-51
-11
-52
-54
16
-1113
-23
-1
16
4
13
-2
-56
20
10
16
-17
-18
-55
-55
-55
-18
9
-55
-55
-172
-4468
-6206
-1647
8
-55
-42
17
-20
2
14
13
16
14
14
16
10
13
-4
-23
-53
15
15
14
-53
-197
-368
14
-22
15
-3
14
-54
-1
-55
-55
10
17
13
-55
4
13
13
-55
16
16
14
125
9
-6
13
-1976
-1510
-56
-23
-56
11
15
11
5
16
11
-56
15
-56
-45
-20
-56
-753
10
-45
15
-2806
-3954
-33
10
-14
15
15
15
-32
-1881
-14
13
5
-6
-5
10
-516
-53
9
-17
-59
3
-39
9
9
-18
4
-45
-59
-59
10
-37
9
12
12
10
-6017
-48
7
10
-20
-26
-86
-2929
5
3
-7
9
9
-49
-2626
8
-2498
-50
-8180
5
9
8
-12
-47
11
-59
-24
-59
-5555
10
10
0
-60
-60
-59
-275
10
11
-4626
-50
10
12
-58
-4916
12
-12
-45
9
-17
13
14
-26
-48
-19
-58
13
-55
-45
12
-43
13
10
-54
16
16
-42
-4450
13
10
0
-4425
-38
2
18
-53
10
-40
11
3
-51
17
-51
17
-81
6
11
-3525
-9
-40
18
-23
10
18
-13
12
-53
-21
-25
12
-54
17
16
-1237
-42
-56
-45
16
16
9
-2152
-20
16
13
8
-6658
15
-5560
-17
15
15
-41
-56
10
-56
37
-1428
9
9
9
3
-56
-53
-6618
-38
17
-21
-1666
-20
-25
14
8
-31
13
-52
-52
16
-17
-53
5
20
-51
-259
16
20
20
17
-12
-65
-24
-50
20
15
-39
-51
-53
9
20
-51
-51
15
16
16
21
21
178
22
-38
-13
-38
-3477
22
-2227
22
-51
22
22
-49
22
-3655
22
17
-32
22
11
2
-52
-16
-37
10
-1
-48
-636
-8
22
23
-649
6
179
23
-37
-41
22
14
14
-1800
-1439
23
22
-9
-9
23
23
-60
-53
-48
22
-48
-41
10
22
17
22
-20
23
-1554
13
22
-2766
-53
-2
-49
17
-28
16
-49
17
22
23
-2778
-53
22
-1271
10
22
22
4
-43
-50
6
-4469
25
18
10
-42
-1
22
25
22
18
-53
25
10
-53
-49
26
26
16
10
26
-49
-42
-6
18
10
-49
-49
-23
-53
26
-18
-50
-31
-17
-5
26
-1515
22
-35
-48
27
-177
27
-34
-45
-48
-48
26
-5276
-61
-150
26
15
27
22
14
-1
-4655
-48
-153
-2
10
26
26
-48
22
-18
-48
14
26
26
15
9
-48
153
27
-53
27
22
27
-504
22
-37
26
22
-37
-539
7
27
27
27
20
23
-2133
-4354
5
-48
-51
24
-23
24
-51
-3970
-13
24
-409
-49
24
24
-49
-1
24
24
24
-49
24
19
22
9
22
-20
19
-53
22
22
21
-49
22
-522
-2584
-51
1
-2253
2
16
-8
-40
22
-50
22
22
-53
-278
22
4
23
-19
-52
-52
-2
-1522
-4941
-24
23
-47
-23
20
-19
-47
23
2
-53
9
23
21
21
8
-12
21
21
21
21
-5
-41
-19
8
-49
19
-3
114
18
-6
16
17
-51
17
-31
22
21
22
22
-12
22
-48
-24
18
23
2
18
22
-48
10
2
-10
-41
-48
-44
-1922
-4858
0
22
-907
-41
-15
-18
22
9
23
23
17
-687
22
22
-55
-40
18
-40
22
20
-55
22
18
20
-48
23
-56
24
-4633
20
24
24
20
0
14
-56
24
21
24
-218
24
20
-431
24
24
-9
-48
-30
-2232
-38
14
-23
24
12
19
-52
21
-389
-3
20
-56
-2464
-40
9
-1244
18
-723
-3
-2810
27
-40
-25
-40
-11
-23
20
20
-9
22
20
1
-7167
-4
-4
-2
5
-140
-3
22
14
47
-52
-30
-50
-6075
20
-54
-3
20
-16
-5
-41
-5
0
-18
-6
17
20
-40
-54
-1101
-55
-6
12
7
-41
-54
21
-27
21
20
-41
-21
20
22
-1
-6264
-57
-53
-3
-19
12
16
-53
-11
-53
20
20
16
-53
-7123
-53
-936
16
23
-944
23
23
-53
-56
23
23
-4
-5
22
22
-751
-3928
-31
-2915
-718
-21
15
-52
-382
24
24
-3
-6
-5633
24
-40
-715
0
24
-52
-9
-27
25
-5
-414
-27
-55
24
24
-53
15
24
-3057
-53
24
24
-515
-6
22
4
22
22
22
-39
10
-56
-42
-4680
-56
20
20
-1639
20
-42
20
-22
19
-395
-2
13
-2925
20
20
-1757
21
21
-56
-56
22
22
-23
-2941
23
73
-4
-9
-1529
-423
-3
23
23
-1933
23
-53
16
17
-53
-3822
26
-4
26
23
23
26
-51
20
-41
23
-20
-15
26
-13
-54
-13
27
-53
-4971
-4348
9
16
-5
26
15
15
1
-6843
-54
26
-5681
26
-7
-39
4
26
6
24
10
20
27
-39
-2523
28
-39
-31
-53
29
-56
32
-2
-2
-55
-2
-998
-54
-52
-52
30
31
-53
30
30
-53
-37
31
-5649
-37
30
-1
31
-4304
2
-4706
30
31
-11
18
-52
31
-21
-7
-1
-2352
31
9
-731
-4040
21
-50
33
-34
-38
-53
-3573
19
-10
-3932
6
-35
-30
-54
-52
17
-21
-2178
8
-9
7
-699
31
30
-54
-710
-2
31
-4
-56
27
26
-9
-40
31
16
-20
-54
-56
24
16
26
-1
31
-55
29
-56
16
-54
1
29
29
30
24
-52
-56
6
31
26
-31
-1
28
31
5
27
6
-31
31
-6686
-57
28
-1
8
-56
-6349
1
27
27
-43
13
-56
27
13
27
-31
13
-21
-618
27
27
5
28
31
12
27
27
-5131
27
3
26
-20
-31
-15
-2187
26
14
-14
-1
-55
-55
31
29
14
-1
29
29
-19
29
29
29
-54
-54
-54
-55
29
-1595
29
28
-10
28
-55
15
29
29
-6
15
22
14
28
29
-7
5
-54
-39
27
-5
27
-8
27
-1514
-53
-4372
29
27
11
-11
-42
-56
27
29
-44
-54
10
-57
-57
-602
5
-57
2
25
-44
8
-4605
-486
4
23
-9
-13
-46
22
22
22
-47
-7825
8
-5053
22
23
-4129
31
-3359
23
23
22
-1697
13
-12
-59
-1698
21
-45
-20
-13
-6698
22
22
-61
17
-47
-59
-47
-806
22
-13
-3
21
-5663
0
23
-60
-23
-57
-12
-60
-4969
23
-60
23
9
-7786
23
23
-60
-22
23
-45
23
8
-19
-1009
-32
7
-50
-59
-7636
-9
23
23
-57
-18
-60
8
22
-15
22
-60
-60
21
21
10
-4144
18
-10
21
-3435
-22
-10
-4351
-47
8
-3
21
22
-59
9
-60
-22
-60
-12
18
-1786
-61
-1
-60
-8027
21
10
-62
21
-14
-57
-62
-63
-21
-63
-5046
-50
-15
-25
6
-60
19
19
-15
7
7
-2
-62
20
0
20
-9
-956
-36
3
20
20
-26
19
20
19
20
-64
-5820
-1425
20
18
-66
-6597
-63
17
-2
-19
-66
20
20
20
-3964
21
62
-45
-13
-65
-15
21
7
-16
21
-1
8
-65
-65
-15
-66
-28
-49
-16
-8919
-8451
-37
1
-66
-12
-16
19
-1852
-2247
20
-1
-66
19
21
-65
-15
7
21
21
21
-51
-46
-28
-2343
-52
-5
17
-8025
-52
-907
17
0
-67
-65
-65
6
-52
-7913
-7
-7865
21
-25
21
-61
-9
21
-13
-15
-60
6
-49
-66
20
-65
20
21
-1
20
-20
-1256
-15
-8207
-15
-15
6
-62
-64
-61
-52
6
-59
1
14
-14
1
-65
-31
-65
19
-1718
-2
-65
-61
-12
-29
19
-4995
-1304
-2212
17
-35
17
-65
17
-2634
-28
-5970
-18
-5050
15
-3754
15
-57
-57
-29
20
15
-816
-2
15
-10352
-9223
-44
-6236
-19
-59
-74
-38
-58
-59
-75
13
-16
-11
-73
-33
4
13
-11363
-7291
12
12
4
-47
-11140
12
12
13
-44
-76
10
8
-27
9
9
7
10
9
2
2
-6050
-10
-39
9
9
170
9
8
9
-11987
-65
-19
-8
-571
-52
9
-3
7
-23
4
-73
-76
-20
-82
-9167
-82
-65
9
7
-41
-3945
2
4
-31
-1
7
-6782
-20
-82
3
-7
7
-2
-40
-5416
-21
3
7
-22
4
7
4
-1
4
4
-29
-32
7
7
-15
7
9
-84
9
7
-18
-18
-84
9
9
-84
-45
1
-9734
9
-1133
9
9
-76
-83
-10
-34
-83
9
10
10
9
-7538
9
10
-83
-83
9
-64
9
-64
-1937
7
-83
-5652
-73
10
10
-47
2
-78
10
2
9
-10
-80
3
-3472
10
10
-40
-59
-23
2
10
10
10
-22
-31
2
-62
-10616
0
10
-80
-3762
10
-23
-22
-1
-23
5
0
10
-50
8
-10487
-63
-23
-23
8
-84
-84
-85
-78
-2
8
10
-86
-33
-2867
-33
-87
-64
-2627
-66
-66
6
-66
-17
-66
-19
-3
7
-2828
-2599
7
-66
-87
-3
7
-3475
8
8
8
-22
-87
8
-81
-5859
-46
-65
8
8
-66
-31
-9
-87
8
-65
-89
8
9
9
8
-52
-2
-48
-80
-2
8
8
-4
-90
-4
9
8
-775
8
-2
-24
-11042
-88
10
-28
-34
2
-25
-66
9
10
-44
-23
-79
-10225
1
-31
-4
-27
-46
-4156
-4
-35
-39
-1588
11
11
-51
-23
-86
-85
12
-64
-35
-86
-3684
-21
-85
-10618
-385
-4
-82
11
-6162
11
-86
-86
11
-86
-16
-22
11
-57
-72
-54
7
-23
11
-4584
-2520
7
10
-79
2
-72
-87
7
10
-15293
-8
7
10
-15
-72
11
1
-87
-38
-43
-43
-69
-86
-3
-3680
-86
-42
-88
-22
-7
13
-86
-85
-8194
-153
-30
-86
-20
-85
-5730
-23
-71
-22
-23
-23
10
-36
-41
-56
-27
-11140
-77
-24
-88
11
-3307
-12
-72
-21
-23
-85
-4311
-2955
-71
-40
-21
-9
-21
12
-14189
12
-85
12
-72
12
-72
-12002
-14846
-1710
-71
4
-64
-41
3
-93
-5
-1
-9
-20
12
12
-7
-83
-9
-4650
-27
12
-52
13
-63
-20
-40
-79
-15
-4
-40
-85
-9
15
12
15
-5328
14
3
-5620
-85
-11077
15
-83
-5137
-17
-10532
-73
17
-17
-27
15
-84
-8
-83
-69
-84
-17
-84
-8248
-19
-38
-19
-6
-6
7
9
19
-82
-3860
7
-69
-19
-74
19
-12080
-82
-34
-6
6
-16
18
-6
-2171
-6
-38
-38
-53
18
-9268
-82
-19
-70
-7413
18
18
-6388
13
-19
-39
-1423
-31
-11542
-5230
-37
16
16
16
19
-6
16
16
-14
-22
16
-4002
-57
-20
16
19
-5
19
-25
17
-84
-876
-64
19
-1564
17
-33
-84
17
-83
-5
-85
-85
-1483
-20
-15723
-55
-3
-86
16
-34
-84
-2666
16
16
-5972
16
17
-85
16
17
-651
-21
-5701
-38
-85
-85
16
-85
-4253
-38
17
17
-15
-12380
-27
-1617
-79
18
9
-31
-54
-38
-88
16
16
-88
-5
-67
16
-60
-6
-19
16
-87
16
-22
-5051
-5
-88
-5
17
-86
-67
-26
-3319
-37
-86
17
7
2
8
18
-19
-1002
-7
-52
-86
-5
19
16
-9900
18
-2
-2
19
18
-14
19
-72
-19
-35
19
-12
16
-3976
16
-64
16
-84
-38
-33
19
-65
-84
-84
23
-36
13
23
-85
19
22
-87
-84
-37
16
-85
25
-1112
19
-84
-35
-83
-59
-59
-1543
18
0
-88
-28
12
-83
25
9
-83
25
21
-913
-88
-20
-13
-28
-60
-5480
-69
-3068
25
-62
22
2
22
-1320
22
-3449
15
-882
19
-86
-86
-23
2
0
-27
-61
-61
-2352
11
22
-61
-3103
-25
3
22
5
22
-25
-4
22
22
-29
22
-47
-32
-58
-58
23
23
-61
-58
-1108
6
-10337
23
23
-2157
23
23
-9623
15
-79
-10945
7
-29
-77
15
-47
-86
-86
-2890
-25
24
-60
-2131
-5
-9
-6185
24
-86
-309
-57
-87
-9
-9
23
-86
23
-4440
7
-40
-86
-1724
23
24
-87
24
-88
8
23
8
8
8
24
24
8
24
-61
-87
-9477
-27
-620
23
6
23
-78
3
-87
7
-18
7
-13297
13
22
22
21
22
21
21
21
7
11
21
21
-45
-6382
-1067
-510
5
-59
-3152
-29
9
-52
-8191
21
19
18
-8
-34
21
3
-90
22
1
19
14
22
22
-60
6
-30
-24
-2
16
-4865
-87
-29
7
-29
20
-5941
-86
-70
-8
-10103
23
-87
-61
-1751
15
24
24
-37
-88
24
-26
-87
-56
-5296
-24
-12
-11182
-9
-86
-24
-87
-1906
-38
24
24
-1105
150
-4
24
24
24
-35
24
23
-86
-35
-60
24
-87
24
-87
-36
24
-67
24
-86
-8
-9
-61
14
-9
-59
8
24
-30
24
-85
-13
14
24
24
24
-67
8
24
24
24
-2315
-7018
-1871
23
-34
-10
23
9
-88
24
23
23
23
23
-37
-20
-58
-26
-60
21
-88
23
-5844
-10214
23
8
23
23
-58
-2314
-9412
-9
-12712
-680
-69
23
-5181
23
-556
-70
-85
4
4
9
23
23
-1777
23
-85
24
-66
24
-4816
3
10
-8455
-23
-6
-36
15
-37
-3269
26
-84
-84
27
27
8
28
-8174
-38
28
-74
28
-10
6
-80
26
-60
7
-86
13
-80
13
13
-4180
-68
-6516
9
26
-1224
-58
-79
43
15
-6427
13
-41
-332
17
17
-27
-77
-5188
27
16
-27
27
-20
15
29
-77
-57
-9263
12
32
-23
18
33
-87
18
-13078
23
-72
33
12
-72
23
23
-73
21
7
-72
4
34
3
15
-772
-71
-65
-176
-14
35
-36
-136
35
-239
35
-21
-42
-73
-68
2
-569
36
-2833
-52
20
-40
29
-68
-13
20
36
5
-5485
36
-13
36
6
-41
10
35
20
3
36
-3058
6
35
-68
-15
36
5
-67
-14
26
-67
-69
23
-65
33
9
34
-41
21
9
-56
33
33
33
-55
-28
33
32
20
-70
-4777
-23
-756
-84
-69
-518
-13
33
-3566
-21
-9
-772
-22
34
-18
-24
-70
-4417
34
