-23
-743
7
9
-369
8
8
-9
8
8
9
-10
9
9
-10
8
8
-1046
-9
-11
9
-11
11
11
11
-412
11
-11
8
11
7
8
9
42
9
11
-357
-11
-12
9
-11
12
6
9
-369
11
9
12
-10
12
12
8
10
8
-8
-8
11
-989
-11
12
6
9
12
-12
-12
9
12
10
-12
-13
-12
-10
11
-11
-1248
8
13
13
13
12
13
-8
-423
11
15
15
11
-12
10
10
13
526
15
79
-11
-10
11
-8
11
-13
15
-124
-13
15
15
954
16
16
6
-11
15
15
12
801
8
-11
16
16
8
-11
11
8
-158
-17
270
16
110
13
16
13
16
10
-302
-12
15
9
380
-12
8
15
14
-11
7
12
14
-12
8
15
15
16
-12
12
13
15
-13
-14
-435
-14
31
-13
305
-453
15
15
10
9
15
-13
-13
15
13
-7
-13
-14
11
11
15
15
15
12
15
15
11
9
-6
-10
11
15
14
17
17
17
-9
16
-89
15
-12
-8
-13
10
13
187
17
16
7
-7
-12
15
15
17
19
18
15
16
15
18
15
-7
18
14
19
-6
38
18
19
-14
19
19
-14
-7
11
3432
19
18
10
236
-14
-7
7
14
1
8
19
615
17
-8
11
16
493
-10
8
8
15
16
-8
72
1625
18
18
796
14
16
11
1038
18
-11
-11
17
13
-10
17
15
15
15
-14
15
-13
13
-677
13
-451
-11
-7
14
17
-10
113
-11
2
-6
-11
-17
-10
16
16
17
16
16
16
-11
16
16
-13
-11
-17
945
-17
17
-6
177
16
12
12
15
-13
523
18
17
16
8
8
-9
13
13
17
17
13
18
13
4
9
-21
75
13
-12
8
8
17
-11
-11
17
-10
9
13
-11
1061
171
135
50
20
-13
1013
12
290
15
1768
2
-10
18
6
-15
-11
20
19
17
20
17
17
17
17
12
11
18
18
17
97
13
13
142
19
990
-17
-12
-9
18
18
18
18
17
-18
-8
10
21
15
18
-12
-13
15
-7
-19
16
5
-411
-17
19
219
15
-13
647
19
19
-13
-13
-19
-19
20
20
16
20
20
-7
1273
18
-20
-12
20
20
9
18
17
-36
12
18
-18
20
17
-12
18
21
17
20
1108
-15
13
9
-218
-18
-15
-14
15
16
12
20
-18
16
-11
-31
725
17
20
83
22
22
12
22
10
22
22
12
11
22
-4
20
24
19
19
110
-20
19
-3
20
-951
14
22
15
23
13
-10
24
24
21
13
-19
11
14
24
24
12
21
23
-5
15
23
1928
-14
21
2473
24
23
23
20
23
18
-6
-3
12
-20
-20
-9
17
10
-4
21
21
-15
14
-18
-9
596
13
-14
19
14
-12
7
20
12
19
20
21
-22
19
19
-21
1040
5
19
14
19
20
20
21
-6
-13
20
20
1867
-15
21
21
20
20
-1
-18
488
15
20
15
2
2
22
22
-4
22
20
20
-15
22
2483
21
2662
20
16
22
22
19
-19
23
22
23
-19
23
22
3533
-19
21
23
17
21
-1
-19
3
1864
23
18
-6
579
21
17
8
-785
22
16
-9
21
-19
-12
-16
12
-51
21
-20
22
15
16
-19
2
22
15
10
-5
21
18
22
21
8
17
23
-16
23
21
-13
-3
23
16
-20
-3
18
-20
16
1703
1398
23
23
24
24
14
19
2
-14
3078
-2
-14
-20
22
19
-15
2077
16
20
10
16
18
13
-8
15
-22
3
18
-21
-22
15
14
11
-12
-17
1
247
15
-15
-1496
13
11
12
13
-25
15
13
13
11
12
13
-496
7
-25
-728
-4
-1155
3
-20
13
9
14
-246
15
-416
-25
5
13
13
13
-37
-25
-4
-19
15
15
15
16
16
16
16
13
-25
15
214
14
10
-13
-2918
-13
-21
-27
-27
5
11
11
-210
-27
16
-16
-851
12
-13
11
-19
-2078
-20
14
-12
16
8
-5
6
2
-16
-5
-5
10
12
-31
9
16
-14
12
12
16
-19
-31
-591
-31
11
8
-1197
-137
-3845
9
17
-16
-25
11
-4620
-509
2
10
-14
-29
9
11
-18
8
6
-30
8
16
17
5
7
3
17
4
9
-5
16
-2
15
-13
-30
-22
-20
-23
16
7
-18
-11
-20
7
-30
6
-2634
5
6
-30
5
15
11
-21
6
15
-1105
2
14
-24
-24
-23
7
16
3
-233
-23
8
5
-3350
-28
18
10
-10
-2398
6
315
-28
-2
16
7
-6017
-22
7
13
18
-15
8
18
-21
-22
-23
18
8
-23
-31
20
-24
20
20
-24
-3367
13
20
-31
-2977
6
20
-31
9
-21
20
13
-4
6
20
20
7
3
14
-3144
-16
-24
13
-12
8
-1562
-29
-29
-15
9
10
-14
5
16
8
14
-24
-15
-24
23
3
-24
375
-9
7
-718
-12
-26
-4076
-3042
22
-26
-6196
7
9
9
215
22
21
357
13
-27
15
-18
22
2
-2596
15
5
-4321
7
-27
-25
-24
6
-17
7
10
6
15
6
15
9
22
1104
6
-11
22
9
21
13
10
19
13
21
-21
-8
-107
-19
12
12
11
-26
12
22
3
-23
-28
-28
11
16
-19
-21
-5
-12
-583
-28
11
21
9
20
21
-21
12
16
-134
21
21
20
12
11
12
-1490
12
16
12
-970
2
12
21
-812
19
10
-1762
21
7
21
12
12
-2100
-4902
8
-2564
8
16
-20
9
9
-20
9
-29
9
4
-979
6
6
-26
17
-30
-26
20
14
-3555
20
20
6
6
-27
21
9
-13
-4247
-789
-23
21
-2558
21
-26
-25
-26
-21
-2435
3
7
20
9
-4644
-4
-260
9
-3596
21
-24
19
3
-9
-3431
8
12
3
20
-28
-27
-13
-25
18
18
10
-22
8
3
21
16
8
-26
-19
7
3
2
7
-30
-31
-26
-2
-21
-4671
-749
21
-26
-29
-1
-10
-1725
-29
-2
-29
8
-8029
-15
-23
-26
8
5
-28
-1880
17
7
17
17
-26
-2039
7
11
6
6
6
-29
0
16
-26
-27
-29
19
6
-29
-29
18
18
-26
18
5
-29
-2048
-26
3
-3153
4
-20
-4431
18
3
19
-4638
15
18
5
6
6
-2
5
6
-4110
13
-26
-26
-30
4
1
1
11
11
4
18
-26
-25
-1
3
-26
4
4
-3244
7
6
2
-23
-22
16
8
8
-7
-27
16
1
6
16
-27
16
-12
-1813
16
3
14
-27
-20
16
9
14
3
8
17
-28
-19
16
-2979
-14
-29
-28
-23
-23
15
15
-3462
7
1
8
8
8
-4905
15
8
84
-21
15
-18
11
-16
-1276
16
12
15
12
16
11
15
-14
11
-20
-26
-12
-1155
-15
-725
-29
-18
-26
10
12
15
76
12
15
12
-19
-11
13
-29
2
15
13
-27
-15
13
13
15
-4
15
-20
-26
12
-26
5
-1993
59
-14
2
-25
-20
-14
13
-1814
14
-4
16
11
-18
-2446
-18
16
8
-16
-2
17
-892
17
17
12
-25
17
13
18
-282
18
-1666
-8
-385
-3
-7
-25
20
16
14
17
674
20
313
539
9
-14
17
251
16
-168
18
20
126
-12
12
11
16
16
-25
4
-27
-11
4
250
19
13
-2426
19
-12
13
10
-3
962
19
-1574
15
254
18
16
18
1364
16
13
257
-13
22
20
-25
17
-25
20
13
12
20
-25
13
-8
21
21
-25
17
-18
17
21
21
21
15
694
15
1
10
20
-13
-13
21
20
-14
18
10
9
-13
14
21
652
489
21
-9
21
18
18
-13
-22
21
22
21
-12
1749
299
1268
11
-9
21
-12
21
-12
547
2219
22
21
21
813
22
21
10
21
21
14
21
-13
19
8
18
-14
22
1091
22
-10
14
-14
18
-13
13
-15
3
15
20
-15
20
-3
20
19
18
20
4
-15
-5
12
20
4
-413
-243
4
19
11
-20
19
12
18
20
-16
-414
19
-17
18
-17
11
20
20
14
-301
-14
685
19
17
-12
20
15
19
2
5
3
-19
11
-19
-48
318
19
632
18
-5
-67
13
14
20
17
20
-19
-15
-65
-789
336
19
7
355
18
-11
16
20
20
9
12
18
12
-17
20
9
-17
17
-18
20
18
8
20
16
13
-20
-90
22
20
-16
-16
-17
-20
12
16
16
18
22
-559
22
20
-10
22
18
23
2
10
-18
18
-177
23
23
16
-5
-11
3
743
18
2
-3
-14
316
18
-18
1448
-18
23
22
13
22
-35
-383
-20
22
1172
11
16
-15
16
16
16
20
-15
-367
-280
-20
263
-15
12
11
-15
16
-15
-15
16
19
21
22
16
12
-12
5
18
18
11
21
16
16
15
18
-276
3
18
-11
18
-10
16
557
555
16
17
3
-15
-6
17
346
-41
17
-12
-19
17
14
-11
-20
17
11
15
17
-21
17
15
18
-20
17
-946
-20
-21
-10
267
17
16
-699
16
16
-2184
17
-20
14
-20
-20
16
-20
14
-1078
-20
-20
-20
-19
16
12
16
-1265
10
16
-17
4
-18
-21
18
-82
13
-197
-11
22
15
15
-12
182
-10
-14
-13
16
21
-17
21
21
19
4
21
-13
13
16
-20
1
21
21
1170
-19
-325
21
-6
24
14
21
21
-13
21
-19
-20
19
-1
-20
-10
-162
-17
15
21
11
21
23
23
-19
13
23
-18
-17
-20
3
13
-18
16
-286
-20
-539
20
-18
22
9
-25
22
-13
18
-19
2
12
993
1626
-289
3
13
21
-12
-20
18
17
19
21
-9
19
22
21
-11
15
-18
-17
23
-11
20
23
-18
2129
-15
1571
21
-11
1232
1028
23
14
-16
-17
20
23
-11
-18
2109
11
-18
23
15
23
23
-5
-18
-11
20
23
12
17
22
420
23
-11
-11
23
-18
11
23
-95
20
14
24
2
24
-18
13
-10
-10
10
4
825
23
-17
-17
19
1426
12
22
18
-3
-2
-20
-20
22
-12
13
-12
22
20
24
23
23
23
-372
21
101
-200
-12
25
-12
20
2839
21
16
-22
23
2446
22
22
22
23
22
21
514
1982
23
21
22
677
452
11
22
24
23
23
23
-22
24
44
10
22
-23
23
-930
1011
24
-18
-25
18
12
24
20
-10
740
-3
-9
11
18
22
20
24
11
24
22
-23
-10
2253
-25
-25
24
-24
-680
24
-6
25
24
-25
13
-23
25
22
24
-121
0
-22
23
23
-23
-107
21
-18
295
23
24
1026
11
-15
22
11
-24
4041
22
-801
10
21
21
21
20
20
-8
20
-25
1832
25
-15
-581
20
-1292
16
0
-13
-25
19
-26
17
17
19
-1077
-12
20
-19
-15
18
-19
20
-23
1771
-11
-23
11
-27
9
-76
-25
-14
1196
-433
-10
-24
1435
22
9
1054
22
1418
22
18
-10
21
21
22
21
11
-17
21
22
1291
152
-21
22
13
11
19
-13
19
-1
19
3
19
19
19
19
101
11
77
18
1545
600
18
18
19
19
19
16
-24
-10
20
20
20
-12
20
20
-16
-22
-10
17
393
21
-15
20
-12
9
153
7
8
19
18
660
-10
21
21
13
21
6
-1313
1197
-4
-17
9
21
-13
-18
19
18
-20
6
21
21
18
17
4
575
-44
17
-1188
21
-17
1704
6
-28
-31
17
24
-7
-30
24
21
25
13
-9
8
21
258
8
24
-1357
24
24
21
20
-21
171
14
-32
23
9
17
-760
302
-15
24
-9
24
1858
14
20
24
-1790
24
24
20
24
23
-326
-5655
24
1435
7
20
3
2716
-15
-21
-162
-30
2563
24
-12
24
6
-27
5
1159
-17
10
10
8
24
24
24
22
-10
1417
-30
24
-28
-112
-15
-30
19
24
-13
-31
19
-95
24
24
19
19
24
24
-13
330
21
2
-17
-156
8
-19
-17
-17
19
3
1470
18
20
-385
-30
19
20
22
1863
-32
22
191
-32
-32
-10
22
8
13
22
-32
21
22
-21
1637
7
20
1359
-19
20
21
-32
-41
-30
-19
21
16
8
-33
13
21
21
-11
-15
7
-19
-19
20
-3
20
22
-19
19
1
-34
354
9
-9
1556
20
20
-18
1540
1
-3082
-14
-2062
2
20
20
-35
-1194
612
-32
-17
1359
20
-35
-550
275
-17
-34
9
-128
-4
-24
-3108
-31
8
-16
-9
12
-34
22
619
-24
22
-12
21
20
-10
-25
21
-35
-2557
-11
12
-20
-37
-13
20
16
21
21
11
7
22
-21
-3266
14
-8
-383
-9
25
-18
21
-20
311
-3185
-37
24
-37
-24
261
6
-3
3
25
-674
18
-327
-5
10
-38
20
-16
6
23
23
17
23
23
-38
24
-176
-5
1401
-17
-21
532
2
7
22
2
22
2
22
-979
-15
22
-2
-15
-39
-17
-2359
-39
-37
-39
-5
-1868
-18
6
-37
22
8
-17
23
23
21
-37
10
21
9
22
-16
21
22
-38
22
-15
-37
7
-64
6
799
-39
7
21
7
7
22
-4716
-7
-16
19
20
-36
6
-12
20
5
-19
7
20
-19
19
-1
20
20
-961
5
22
20
-2118
18
-20
19
19
-21
-4138
6
6
-39
3
17
19
-3888
-39
237
-39
5
19
16
2
-34
18
2
3
-2436
6
-2
20
13
-27
-37
-795
-37
-4
6
20
-1
-7
-2875
19
19
19
19
19
-39
20
18
18
20
20
3
-40
-4767
18
-352
-10
19
-4158
17
19
-1123
-3
1119
15
18
-24
4
18
9
-23
16
4
18
-24
90
-28
-17
-42
17
17
-18
-592
18
-32
-23
-38
18
19
20
10
3
20
19
-20
1
535
-232
20
21
4
12
21
-2009
14
-14
-1854
-1
-20
11
19
-1
5
-17
2
-8
19
-14
-14
15
17
2
18
17
0
17
18
9
1
-5693
-18
18
17
-7
18
0
10
-5
18
17
-2139
17
-2
-23
18
11
92
11
18
-7277
-27
-21
-22
12
11
-25
-18
6
-4
-47
582
-51
-10
-22
18
3
-29
-46
18
11
-46
10
10
-969
4
-99
680
-43
-7437
12
-274
4
495
18
18
758
-9
-8
-53
17
17
4
-52
-3003
0
16
16
-9981
-26
-25
-7
-7896
-25
-51
11
18
15
11
-7
-51
-156
-25
16
-31
-1346
11
12
-25
-17
-17
-7
-51
11
7
11
-887
-6066
-13
18
13
-24
-232
-29
13
13
-22
21
-1895
11
9
-39
6
18
-823
21
6
12
-8
-22
17
5
-50
16
7
-26
-4335
-18
19
7
-877
-51
-28
-26
-28
-28
7
-30
-9341
7
-53
-30
1
-53
11
11
-53
-53
10
10
-28
4
14
5
-10167
-53
10
3
4
5
10
10
-54
8
0
-23
8
-48
6
-1233
-30
11
-34
7
-1556
-54
-32
5
-29
9
14
-3
0
-54
-3
-6
-14
-55
-12202
-51
-13180
8
-22
-54
10
-22
-35
-31
-34
11
-55
11
4
-38
11
-56
-56
0
3
10
-18
-39
-6
1
-56
-16
14
-16
10
10
-1
-2453
-23
-2
-20
-17
-56
-14564
-1
-51
-19
9
8
-25
7
9
-53
-11439
-8899
8
8
-291
-53
-24
8
-52
-52
-4278
-38
-27
-52
-52
-36
-6
1
8
-38
-3393
-35
7
8
3
-53
-5
-53
7
-4
-42
-3105
-6
7
-10
-2
-4
7
-1
-2
7
5
-37
-51
-37
7
-39
-32
-1
8
7
-40
-5170
5
-1
7
-1
-1
-1
-28
7
14
-5668
3
6
-4
7
9
-2
-26
-40
-13600
-4
6
-6299
-38
-9
2
-40
-7
-23
8
9
-42
-2
-3
-5
-18016
-364
-53
6
-1049
-43
-7
-15988
-6
4
6
6
6
-40
-4903
-5
-2
-43
-13
-49
-4
6
6
-6
6
-43
-8
-15
-44
6
4
-52
-17805
-26
9
-43
-44
-40
-13437
-43
-7
-52
-3302
6
-44
-6
5
-5176
-9
-6
-13498
-2880
5
-42
6
5
-6
6
-5
-3
-5
5
-4155
4
-5045
-44
-10
14
5
-7
-10
1
5
5
-9901
4
-3
-47
-11386
-14
-53
-41
7
8
-5
-13
-35
-2278
8
7
9
8
-41
-35
-19
7
-11941
9
-4846
-392
-6
-32
-26
-5818
-1
-1675
-5
9
8
-52
3
9
-13892
-52
-41
8
-2
-52
-27
-2
10
7
7
-3
-12
-42
-33
2
-2791
-43
9
-9325
-5
3
-4
-26
10
-42
-50
-5
-8997
8
9
-5
-5
7
-46
10
-14804
-43
-7716
-6
-48
-43
3
-4132
-6632
-48
-53
-60
-6
10
-1356
10
-3
-2
9
2
10
-37
-12160
-6
-2
-14586
-13257
10
-26
8
10
8
8
-44
-16
4
-1
-1
7
-50
-44
-50
-50
-50
4
-1
-42
9
-44
-6
-52
1
-25
6
8
-7
-44
-50
2
-49
-40
-49
11
-48
-5119
-14
-41
-41
10
-48
0
-10
10
-23
-51
-48
10
-4085
-45
10
-9808
-51
-5
10
-48
-9
-36
10
10
-40
-42
-3
-509
-51
0
-42
-5412
-51
-50
-40
-21
-37
-11
-50
-51
-51
10
9
9
9
-51
-2184
-51
-44
-2151
9
7
-30
-33
10
-6
-862
-50
-24
-50
-17550
-26
10
-26
-6
-10289
-40
-11
-50
-49
0
6
0
-23
-50
6
-6
9
-51
-51
4
-50
-14
-16756
12
9
9
10
7
-250
-52
12
12
-5
-5
-13564
10
6
-8
10
-8
-15
-17066
-43
-15
7
-3405
-8
-1229
2
-8
-40
-107
-18
-53
-53
10
-13573
-56
-51
-19
-9
1
10
-55
-19
-59
3
-13335
-44
-20
-305
-18
-56
11
-16648
11
8
11
8
-3436
-6
-21
-16278
-13370
-17
-15
-3
7
-59
-57
-5
-57
-55
12
-61
7
3
-14
-61
-22
-577
1
2
9
-48
6
-22262
-65
-66
10
6
-65
-9
-18
6
-64
-3
6
5
6
-63
-63
2
6
-23
-64
-3
6
-15
6
-62
-9
6
6
-21
-64
-62
-14
-54
8
-15990
-12
6
-12
-10080
-17
12
6
11
-64
6
-17
2
-3
-52
-2
8
0
6
-56
-56
-8
8
-8
-3352
-15091
-23
-16
-16
3
3
-17699
-18090
-5
-51
5
-14001
-15
2
-3
-56
-40
-7802
-54
8
-56
-6286
-55
5
6
8
14
-5251
-6430
1
0
-55
-50
5
-33
-20
2
-57
-1
-10
-10371
-29
2
-57
14
1
-1
-43
-31
2
-51
-8
2
-57
-57
-57
2
-7661
2
-10365
-44
-2
0
-57
1
-4
14
-17
-57
-13189
8
2
2
-59
14
2
-730
-15609
-55
-45
2
10
2
-58
-58
-54
-58
3
3
-57
3
-2
-57
3
-4001
-2
-18
-59
-19
-19
-45
-59
-4
-2795
-52
-5
9
-59
-59
-45
-45
-19
-19
-17
-16
13
14
-18
-17
-17
-17576
-9
-11102
-5488
-11
-1863
-2
14
10
-23
