-9
9
9
-151
-11
-298
-13
8
9
-11
7
8
-10
7
10
7
9
10
7
-11
-12
11
11
-138
-11
10
11
9
10
10
7
-94
9
10
-156
-10
-4
11
10
10
9
9
41
-11
10
6
10
10
-11
-12
11
-12
11
11
6
11
8
7
4
11
-3
7
9
-13
-14
10
10
8
10
-16
7
-16
2
6
8
-1414
-14
11
7
11
-38
7
-16
7
5
6
7
10
6
9
-915
5
-877
-17
6
8
3
8
-10
6
-500
2
5
5
11
11
-19
6
7
11
10
6
-14
-888
-17
-1141
10
6
9
3
10
3
3
-87
-296
-11
8
-12
-10
7
9
-20
9
-18
-15
7
11
8
6
21
-16
11
-17
9
8
11
2
4
5
9
-11
9
7
-316
7
9
-14
8
7
-14
-21
-12
9
-21
-12
-21
3
8
-9
8
5
-194
10
9
-18
9
-466
-20
-12
-1339
69
10
-19
7
12
-334
-8
-21
-15
-22
8
8
10
10
-8
9
53
11
-13
10
-150
11
11
-10
-8
10
-23
-16
-3
-15
-1674
-23
10
9
5
5
10
9
8
10
-15
-22
-311
8
8
10
-15
-11
9
-16
7
10
-210
-4
7
-25
10
8
10
2
11
-367
11
-25
10
11
-2115
10
-25
2
5
-25
10
11
11
-16
11
6
-639
11
-16
10
-23
10
10
-24
-23
-19
-25
8
9
5
-1766
-1953
9
5
-18
1
-1719
1
-25
-25
8
7
7
7
9
-22
-728
9
9
9
-24
9
-1106
-1558
-23
-23
6
8
0
9
-21
5
9
12
12
-21
-67
9
10
-21
-13
-14
-22
-13
9
12
-22
10
-13
-1
14
-23
3
-332
3
