-9
50
9
43
9
8
9
9
9
-10
8
9
8
8
9
9
8
8
7
8
8
8
-12
7
9
-10
5
-287
-363
-12
8
-12
8
7
9
5
4
-16
6
-16
-239
-12
-14
4
7
6
-15
6
-1278
5
-15
8
-1497
2
-1195
7
-18
5
-12
9
-2329
4
2
-20
-20
-700
-20
-2206
2
3
-874
-20
3
-20
-2427
3
3
-20
1
-15
4
-19
-2152
4
4
-2089
2
4
4
-1
-20
8
-248
-20
-256
9
-1
9
-6
-2379
-118
-16
4
1
4
8
-20
6
6
8
2
-16
-239
5
-2297
-1
-15
-1
-212
-22
1
-172
-1232
-20
-177
5
6
-1070
3
-19
7
7
7
7
-18
9
8
2
7
-19
-19
6
-19
-1312
6
7
7
-181
-79
1
-19
1
7
7
8
-19
-19
7
-6
-12
-18
-19
-1617
5
-15
-19
4
-18
-16
-1936
3
-18
7
4
-209
8
0
-19
4
0
6
11
11
5
-20
-17
-946
-20
-17
11
7
-2350
-18
-20
-9
7
7
-2142
-964
-19
-177
7
3
6
6
8
6
6
5
-16
-20
-1444
8
5
5
2
6
8
6
-19
-18
6
-10
6
8
-13
5
-1341
10
-17
-18
4
5
-16
-16
10
-16
10
10
10
4
-13
-15
-9
11
8
-12
-9
11
-15
-15
-15
-781
12
6
5
5
-116
11
-9
-15
11
10
-18
-18
9
-19
-10
9
12
8
6
-32
5
8
-18
9
-19
-19
-436
9
2
3
-18
-17
9
8
-586
2
5
-17
6
10
10
-235
-355
6
10
-1074
2
-17
6
-17
-18
-18
-19
4
11
10
8
9
8
10
5
11
-10
8
3
11
-18
-50
-18
-16
-242
-20
0
6
-10
3
11
9
12
11
12
-18
-20
7
-14
13
11
14
-16
13
-14
8
-17
10
14
7
-16
-17
5
-9
14
6
-637
10
-18
2
-16
-13
-16
-16
-11
5
-17
-412
12
14
8
4
-17
-544
-4
-11
14
12
-11
12
12
8
-16
8
-441
-265
-16
-707
-322
-11
-18
10
10
8
13
13
12
12
7
-431
8
-18
164
12
13
-15
5
-17
-42
13
-15
9
-12
13
12
-101
13
-260
11
12
-230
12
12
13
-317
-12
11
6
-18
11
13
11
9
-18
11
-563
-14
12
-18
-18
10
-15
11
11
-943
-723
51
-13
10
13
-17
8
13
13
-15
14
-11
11
-15
5
8
12
12
11
-14
-11
-8
14
10
11
-18
11
8
9
-806
-16
-11
14
14
12
8
-25
12
-18
12
33
-821
12
9
11
12
-13
-13
-124
12
-12
9
-16
-115
-12
10
11
-16
12
9
-16
4
7
10
-89
-16
9
-17
-16
9
-16
12
13
7
12
-18
-16
14
-16
12
2
-17
-17
1
-13
-16
10
-434
-67
-13
10
9
13
13
14
14
-419
-11
16
-5
-17
-17
-16
16
16
-17
-214
16
-17
16
-17
-17
16
-533
16
-16
16
-11
14
8
-583
14
9
9
15
9
-16
-13
9
-8
10
-2
-14
13
-18
8
14
-617
-9
10
-18
5
14
-18
-18
6
-911
-18
10
14
-9
14
8
12
14
-18
14
-19
-15
-1
14
14
4
14
-945
-826
-18
-959
-18
-88
7
7
-19
4
12
-26
13
13
15
7
-7
14
15
10
-311
12
6
-1
-19
-18
16
12
-18
16
7
3
12
4
-471
8
5
13
13
15
-17
-18
12
8
16
-2
16
16
-18
9
13
-219
16
-18
3
-19
-18
329
-19
-19
16
-253
-19
-18
11
-943
2
7
-21
16
6
10
14
13
6
6
8
-18
12
12
12
12
-23
11
-6
11
11
-19
-1605
0
-245
11
-20
10
-680
4
-4
11
6
-19
10
10
-25
0
12
-11
8
3
10
-13
11
12
1
6
-18
11
12
-266
5
-511
12
12
-11
-15
7
-228
-1466
-421
11
12
-1662
-25
-19
7
12
-1013
8
-16
22
8
2
7
12
12
12
-25
-15
1
-24
9
12
12
12
-6
-581
-9
-17
12
-18
-19
2
-17
7
-18
-24
-55
11
-1318
12
-19
-24
8
9
11
-19
2
-18
9
11
-25
14
13
-312
-10
15
-3
2
15
-17
-22
10
15
-20
14
-555
19
4
-13
-291
20
10
17
-25
-19
-17
-82
14
-17
11
20
-560
21
15
-14
4
20
20
11
-1501
10
10
-7
-19
-638
819
20
20
15
10
133
15
731
10
9
15
-16
15
-23
19
19
-21
11
19
-13
20
20
12
20
-20
20
12
12
18
14
18
18
13
-17
9
-793
0
13
17
18
-23
-12
17
-22
-23
18
-17
17
11
-17
-23
17
13
13
17
-10
358
-23
-22
9
16
18
-23
18
17
14
17
6
-799
7
13
-9
-10
-12
-6
12
17
-8
-14
16
16
-24
-20
9
-7
12
10
7
-24
-1045
12
-8
-22
-17
15
14
14
-26
-963
-8
14
-15
3
15
-1151
-707
15
-17
15
-25
-3
15
13
15
12
3
9
-1382
-26
-21
-25
-25
-515
5
-25
-3
-14
9
14
-16
14
11
15
14
-16
-26
10
-3
-473
9
-11
1
13
13
-17
13
-26
9
-18
11
8
14
-26
10
15
13
-1447
-153
-16
15
15
15
-18
-976
15
-17
15
15
-17
-26
15
-12
6
15
-1165
-26
-26
-26
-9
2
14
14
5
16
16
-21
14
-15
-27
-21
-27
-5
-14
14
-14
-11
421
16
-27
13
8
13
-27
11
16
-19
-35
-9
-17
14
14
14
14
-1065
2
14
-1250
-18
-253
13
-16
10
13
-28
14
12
10
-25
13
-18
-478
-24
-7
-3
-1400
13
13
14
10
9
-24
-1113
-17
11
13
6
12
-375
12
14
14
15
-28
14
8
-21
-24
-24
14
12
0
-28
-323
9
-512
-68
14
12
16
-19
14
-28
-8
17
-19
16
9
-380
-487
9
17
16
-25
13
15
-189
8
-19
16
-1451
16
-19
-21
13
16
14
-1921
16
222
16
-968
3
17
-7
8
247
17
11
-438
-4
12
17
5
-13
0
18
18
17
17
18
17
-27
-484
-25
-25
-28
14
6
-11
-132
17
17
-18
-5
-22
11
16
16
6
-27
5
5
15
-19
-9
-27
15
16
-19
-30
14
-4
-12
-16
-26
19
12
9
-30
15
15
16
-1233
16
-313
9
17
2
15
-19
19
-16
19
19
16
-31
14
-665
-7
-1
-9
14
-32
18
6
17
17
14
-9
175
-1275
-26
-19
14
-11
17
-6
17
-33
18
-18
17
-33
18
18
16
18
9
18
18
-33
18
-644
17
17
18
2
-11
-22
9
17
-32
17
18
-851
-1640
15
-33
8
12
18
18
16
-33
6
17
18
17
15
-22
17
17
-365
-23
-5
19
18
-30
18
-16
19
9
905
5
18
18
-22
18
-16
-22
19
-22
19
3
-22
5
18
16
14
10
-1243
5
18
18
-22
18
18
-30
18
-4
-570
-11
18
18
-30
18
-575
17
-9
13
9
-22
-30
9
15
17
15
17
348
18
17
18
2
1
19
17
15
-1231
-30
18
-490
-24
-865
18
853
-10
9
18
-30
-31
-18
15
-31
18
18
-17
20
-30
-22
19
19
-9
-30
-30
-29
-15
19
11
-14
-30
2
20
11
-29
124
8
-10
22
21
-29
8
19
20
22
1363
20
3
20
20
676
21
19
20
20
20
164
7
20
21
21
22
18
18
22
91
-13
-22
21
-31
-2
561
-289
20
1256
-12
22
23
-31
-31
24
24
20
-31
1219
-16
-21
23
-21
19
19
-3
24
-31
-15
24
-31
-23
-31
24
19
-18
17
-22
24
12
20
23
1462
-31
20
6
-23
21
24
523
-23
-23
23
22
24
547
23
-23
22
10
421
-329
-23
16
9
23
14
-20
10
19
-37
19
14
-279
-29
14
19
-28
19
-808
127
-24
16
9
20
-36
-1281
-307
10
19
15
-2503
20
7
-5
19
23
-37
19
-23
-15
-30
-8
19
2
-1191
-22
13
19
-9
19
-28
-17
5
18
5
-32
5
-24
-1147
23
19
19
-41
19
-35
19
18
-19
-10
-39
18
-40
5
17
-2108
19
16
19
-31
7
14
-639
26
14
-31
-1301
14
4
-31
23
9
13
19
0
-40
20
-10
13
16
9
7
18
-41
5
-40
6
-40
19
19
-40
-31
20
15
-1753
-24
-18
-1012
-2387
-11
-3
10
-29
-6
-3
-1797
17
-16
77
-8
18
5
18
-14
14
17
-27
18
19
-11
18
17
12
14
-28
9
18
-39
-25
20
-32
-284
-14
-13
-2051
6
13
-29
-11
13
-364
-967
-3
9
18
16
-29
-9
-16
13
-10
-14
14
17
8
17
17
18
-3496
15
-42
7
15
-34
-8
7
15
18
-33
15
602
11
1040
-42
19
18
-33
-164
19
-40
-1408
5
-2186
-4
16
-29
-1777
18
-11
18
-1345
-1548
-16
15
17
17
-25
7
18
10
17
10
-8
18
17
-25
18
-41
-43
-1738
-43
-22
18
5
18
18
-11
18
-34
-42
18
18
-68
-177
18
-1463
-17
18
-34
18
18
-411
-16
-31
17
-28
18
18
-23
19
12
18
-16
-16
0
18
12
20
-276
554
-42
8
13
21
19
21
289
22
484
-39
-40
20
13
-32
-42
-4
5
-474
-30
18
18
213
5
22
19
19
-18
21
-29
-14
-29
21
20
-10
-28
12
-405
-29
20
-42
8
20
-17
-43
11
20
-2403
-42
20
-42
-6
12
-32
-551
4
20
-1871
21
11
-42
-14
19
22
-6
17
22
22
22
22
768
23
16
17
-42
10
-42
-43
24
24
15
23
-16
24
-43
25
23
5
-88
19
-31
23
-43
-16
17
19
16
22
6
20
-242
-2092
13
15
20
-33
18
19
-34
-3
19
-547
5
11
10
3
-12
18
16
-20
15
16
-46
5
-34
17
-31
6
-20
17
-34
-10
3
-34
-45
5
18
17
17
-45
-45
16
18
16
19
19
-35
-8
-378
19
-10
16
18
19
-44
-34
-9
20
11
17
-12
-28
-42
-482
-16
13
-44
-45
1466
-42
22
-904
14
-40
-6
10
-44
-27
-35
-13
-17
22
23
7
22
-17
22
-7
19
634
22
9
22
1018
22
-35
-279
19
21
-36
8
-927
-45
-40
22
18
11
22
22
1132
21
-992
-11
-34
-1226
-1
22
-44
21
21
21
24
-34
21
-1926
21
21
20
-44
26
25
24
26
26
1625
26
-32
25
-28
-1617
20
21
-34
-42
-1217
9
109
24
-17
23
23
6
22
22
-36
24
-11
21
21
-36
18
18
24
-27
-9
15
-5
21
18
-32
21
21
22
22
14
-47
890
11
17
22
20
-39
20
16
21
-21
-38
-2194
20
-94
-45
14
-557
-6
11
22
-85
-2934
-37
-508
-20
-20
10
19
-11
19
14
14
19
-46
-37
6
18
18
1
-5
20
20
-39
-40
-41
-45
20
-18
-40
-44
20
-25
-542
-2
20
12
16
-10
10
20
20
533
5
-45
-30
19
5
19
-7
19
-22
-1387
62
20
21
-42
20
-21
-45
15
-15
-40
21
-14
-20
15
-40
21
-41
-43
-25
-22
21
-45
15
-8
-19
1
21
25
19
-5
-14
15
14
630
-440
-1
-41
26
-39
-3
26
-41
26
26
1223
25
0
-3
-28
18
-2
98
24
19
-42
-42
-8
-5
-40
25
521
-42
-41
-2253
-2522
-42
-34
-41
-3
25
-21
18
-3063
-8
6
20
-45
-40
19
-1742
16
-31
3
70
24
24
22
807
22
-4
12
-2
22
-10
-16
-42
18
17
14
17
22
22
21
16
21
-2
-2
19
0
-14
19
19
-812
3
9
-9
-44
-4
-9
-3
-29
18
-5
18
17
-963
-296
6
18
18
-15
17
-366
17
17
-43
-606
-1233
14
18
14
-45
-48
13
-47
10
-7
14
13
-16
-50
-245
12
-23
11
-20
-28
-117
-1564
19
18
16
-7
16
16
-46
17
16
-43
-16
9
-19
19
-18
17
-46
4
-11
90
17
-4568
-1439
-674
-53
13
-46
16
-1025
-24
13
-11
-3283
15
-26
14
9
-20
15
-34
1
-46
11
-266
-9
1
-51
-51
7
-106
15
5
-51
-18
-9
-52
12
10
-52
2
-46
-19
15
-17
-46
-46
5
17
9
17
17
9
1
10
17
17
-3313
-54
-4
-54
-54
-35
15
-27
2
1
-45
-4788
-5
-18
-13
-3387
-230
18
17
-1703
15
-24
4
-2590
-54
4
18
-1733
16
-53
1
2
-9
18
-210
8
-5411
-42
-3003
-42
-15
15
-17
10
-4
18
19
18
10
-2018
-694
19
-34
18
-33
-59
18
15
-52
20
20
10
-1
-26
-44
-34
21
-10
-3567
-25
-33
21
0
-41
13
21
-474
4
-34
-6
-2561
-1379
-13
-432
-50
3
-38
11
11
1
-15
-4027
-24
18
2
9
-1
21
21
-1
-3273
21
-41
-27
15
-27
-5
9
-108
10
14
-26
21
9
21
-25
20
-27
-1095
-20
20
-40
20
-45
-26
-45
-18
20
-40
20
9
20
9
-3
-41
20
9
-40
-25
18
20
-2
-31
-1289
-2094
-45
-23
20
-40
-46
-515
-2
-2
-2010
12
22
-2502
-44
13
24
-44
13
14
24
172
3
24
-46
15
-3
-36
24
-15
10
3
13
-23
24
-29
15
-37
3
-10
-20
15
-37
6
24
-37
-4
24
24
2
24
24
-1
-21
22
6
-4
22
22
22
22
-50
-3
11
-38
-3
-2012
-5
-38
2
18
22
1
-26
8
22
-5585
22
9
23
-52
23
-39
227
-27
-28
10
23
-2729
-50
-19
-18
26
-494
13
-37
25
15
-38
23
1
-50
-50
-50
23
17
-39
23
23
23
2
-38
22
-34
-18
-11
-3831
-3867
-38
22
-1531
3
-38
-49
11
13
22
22
-31
12
14
22
22
2
-42
-4
-38
23
17
-38
-301
-38
2
12
-5
-2967
-3
9
19
18
22
-2
12
-2087
-37
-49
-3688
-19
21
-3987
2
1
-2274
2
2
-5852
-1870
21
21
21
21
-49
18
-7
-3906
21
-18
-1854
-32
-5
20
20
-3
-515
-12
23
21
21
155
17
-39
11
-37
21
-51
-2352
-2140
-2236
21
21
21
1
22
21
2
-49
-27
1
21
-3
-36
-1609
-21
11
22
21
21
21
0
-48
22
-345
-39
22
22
18
21
22
-1985
-48
-48
11
-5
-21
21
-48
-18
21
2
20
-42
2
-49
12
21
-19
-6
12
21
-193
-40
-294
-37
-49
21
-40
-22
11
21
21
22
13
21
-30
-24
23
-48
-3947
18
-29
24
-1927
140
25
17
26
-48
19
26
21
-45
-36
26
15
664
-1294
27
27
27
27
27
-1022
-35
27
-3
-267
-14
4
-5
876
-1
-38
22
-44
-27
-44
-12
667
-2757
25
-31
-43
-2722
19
3
-6
25
25
-1
27
25
27
0
-27
27
19
-13
-7
-13
25
20
-11
29
28
-6
-35
29
8
20
28
-35
20
28
15
-35
18
-39
-1
-25
-6
27
-3
-31
-46
-47
25
-2483
-43
19
25
-47
-24
28
-7
25
25
17
25
25
0
24
-35
-2607
23
-27
-36
1
23
-27
-44
16
-10
-3285
3
-27
24
-11
13
21
28
-1391
23
28
22
24
15
-11
-1661
14
-46
-704
5
-44
23
13
-1220
-36
13
-1269
0
22
14
22
-2116
0
14
-2
-46
16
28
-30
22
-46
13
-35
28
28
-37
-30
-6
-37
-13
22
-7
13
22
-7
2
21
-19
28
20
19
-7
-2
20
-4
20
20
-47
-37
-33
7
-32
-3
28
22
2
28
24
-45
24
24
-45
24
24
-2
-27
24
21
24
-47
16
-47
25
-36
-1881
-36
-35
-10
-1166
-36
0
-6
-223
23
24
-625
15
-632
28
16
-34
-3126
-2
28
14
2
26
-1
-45
9
-4
0
23
26
25
-34
-5
-46
-5
-2255
-33
-32
-8
-50
-51
22
-1119
23
-310
-21
24
-856
-2
-35
-35
24
24
2
13
21
26
-3
-11
-6
-50
-35
25
-24
-30
-38
27
-32
116
-35
-1057
-9
-2048
28
-38
27
-34
3
-49
13
-50
3
-6
2
-3
-33
21
-878
-27
29
29
27
27
1
28
-12
11
-6
29
2
-31
31
31
-49
-31
30
-27
0
-50
-31
29
-2126
28
0
0
16
23
18
-495
-50
-33
14
27
-7
-40
-13
0
-2970
23
22
8
-12
22
-12
-11
-12
22
9
-16
-948
-51
24
-51
29
14
-6
-6
-37
23
14
-37
14
-51
-1676
-3007
-39
-51
-51
-16
-37
23
24
22
-5
-14
23
-37
7
9
-40
-1
24
23
23
-13
-13
-967
-7
-1592
-39
-25
-11
29
12
23
2
-33
-15
-35
-52
-52
-6800
-43
9
22
9
14
-26
22
22
-5
14
21
22
-19
20
-53
20
-689
-4976
17
20
8
8
-39
20
20
10
-45
-1197
20
-54
18
20
2
17
5
-54
-33
-6
-35
18
-2545
-41
7
-16
0
6
-7
18
18
-47
18
-20
-17
9
4
18
-55
-42
-15
18
-15
6
-6
-4044
18
20
-18
-6
19
18
-2514
-18
-4425
-4986
-40
5
3
18
0
-40
-18
18
-4940
-5
18
-40
-4
-6473
-8
-6445
21
-25
-54
21
-3
-32
9
-1114
5
13
17
-9
-1656
-3
-38
-20
-5
-52
-38
-12
21
21
21
6
-38
5
-3
-26
18
-1850
21
-44
-10
21
21
-3
15
-38
-4463
-50
-38
-12
-28
-25
-539
-6
21
-39
20
3
21
6
11
11
21
5
21
19
5
-51
-1104
-51
20
19
-51
20
8
20
-39
-51
14
-550
-19
23
-38
-6760
-51
-143
23
23
1
-40
-18
22
-2
-19
-895
21
-293
21
-39
6
-4878
-42
-5225
-53
1
21
-31
-4944
-1743
-3
-5605
23
-43
-54
-18
-27
20
-51
5
20
-3
5
-40
-3
65
-32
-52
-41
21
20
7
-40
-14
1
-985
-52
-52
20
20
-5
-20
-2286
-43
21
20
20
-44
-21
-5146
-15
-8
20
20
-7
-4
-52
-16
-34
-185
-1368
21
-41
-1128
75
20
-42
6
-52
-7
-7
-41
-51
-51
-34
21
20
20
21
-10
-10
-6
-52
21
21
5
-41
-2146
-40
20
20
21
3
-52
18
-43
-45
4
18
18
18
-45
19
-1282
-4
-45
17
19
-1641
-5618
10
-2547
17
17
-52
-5
17
-52
-42
17
-9
-45
-6140
17
17
17
5
-2600
-53
10
21
-11
-45
-10
-1948
-3140
-52
-52
-4893
5
-21
15
-44
-15
-52
-52
14
-51
-12
13
-52
-17
12
-42
-7
-13
-45
-49
-52
13
-53
-53
-9321
14
-5955
-13
-2803
-53
14
-9643
-53
-49
-45
13
-11
13
-2677
14
-53
-22
-53
-25
-53
12
-53
-29
5
-10
4
-43
-53
-20
-6031
-13
4
9
5
-2196
-31
5
-23
-54
11
-52
0
4
-1
-52
12
11
16
4
-15
10
-56
-1897
-44
-51
-56
10
4
6
-51
-49
-7047
-17
-44
-44
