Op: Max 
9
Op: Max 
9
Op: Max 
9
Op: Sub 
Op: Add 
Op: Min 
-10
Op: Max 
8
Op: Add 
Op: Max 
9
Op: Sum 
-44
Op: Sum 
75
Op: Add 
Op: Min 
-10
Op: Max 
10
Op: Max 
10
Op: Sub 
Op: Add 
Op: Sum 
-3
Op: Add 
Op: Sum 
-124
Op: Min 
-10
Op: Add 
Op: Add 
Op: Add 
Op: Min 
-9
Op: Add 
Op: Max 
11
Op: Add 
Op: Sum 
112
Op: Add 
Op: Sub 
Op: Add 
Op: Max 
13
Op: Max 
12
Op: Sub 
Op: Max 
10
Op: Add 
Op: Sub 
Op: Min 
-8
Op: Min 
-8
Op: Max 
11
Op: Min 
-7
Op: Sub 
Op: Max 
10
Op: Max 
11
Op: Sum 
473
Op: Sub 
Op: Min 
-8
Op: Max 
10
Op: Min 
-9
Op: Add 
Op: Sub 
Op: Max 
12
Op: Sub 
Op: Sub 
Op: Max 
11
Op: Max 
10
Op: Max 
11
Op: Min 
-9
Op: Max 
9
Op: Add 
Op: Sub 
Op: Max 
11
Op: Min 
-8
Op: Max 
11
Op: Sub 
Op: Sub 
Op: Max 
10
Op: Max 
-4
Op: Max 
10
Op: Max 
10
Op: Max 
10
Op: Add 
Op: Min 
-9
Op: Sum 
-46
Op: Min 
-9
Op: Max 
9
Op: Sub 
Op: Max 
10
Op: Sum 
184
Op: Min 
-8
Op: Max 
11
Op: Max 
10
Op: Max 
10
Op: Max 
9
Op: Max 
10
Op: Min 
-10
Op: Max 
11
Op: Sub 
Op: Max 
9
Op: Min 
-11
Op: Min 
-11
Op: Max 
9
Op: Sum 
-39
Op: Max 
10
Op: Add 
Op: Max 
11
Op: Max 
11
Op: Max 
10
Op: Max 
10
Op: Add 
Op: Min 
-6
Op: Sum 
236
Op: Max 
11
Op: Sum 
182
Op: Sum 
127
Op: Sum 
54
Op: Max 
10
Op: Min 
-10
Op: Min 
-10
Op: Max 
11
Op: Min 
-9
Op: Sum 
-77
Op: Add 
Op: Min 
-10
Op: Min 
-10
Op: Max 
11
Op: Max 
11
Op: Add 
Op: Min 
-9
Op: Max 
12
Op: Max 
4
Op: Max 
8
Op: Min 
-8
Op: Max 
12
Op: Add 
Op: Add 
Op: Min 
-8
Op: Sum 
538
Op: Add 
Op: Max 
12
Op: Max 
9
Op: Max 
14
Op: Min 
-8
Op: Max 
12
Op: Max 
14
Op: Sum 
307
Op: Max 
12
Op: Add 
Op: Sub 
Op: Max 
15
Op: Max 
15
Op: Sub 
Op: Max 
15
Op: Min 
-7
Op: Min 
-10
Op: Sub 
Op: Max 
14
Op: Add 
Op: Max 
16
Op: Max 
16
Op: Sub 
Op: Min 
-10
Op: Add 
Op: Sub 
Op: Min 
-9
Op: Max 
17
Op: Max 
10
Op: Add 
Op: Max 
18
Op: Max 
18
Op: Add 
Op: Max 
19
Op: Sum 
178
Op: Max 
15
Op: Min 
-7
Op: Max 
19
Op: Add 
Op: Min 
-9
Op: Max 
12
Op: Max 
19
Op: Min 
-7
Op: Sub 
Op: Max 
14
Op: Max 
15
Op: Max 
19
Op: Sub 
Op: Max 
13
Op: Max 
18
Op: Max 
14
Op: Add 
Op: Sub 
Op: Max 
18
Op: Max 
14
Op: Sum 
24
Op: Sub 
Op: Sum 
194
Op: Sum 
941
Op: Min 
-9
Op: Sub 
Op: Max 
14
Op: Max 
13
Op: Min 
-8
Op: Max 
12
Op: Max 
17
Op: Add 
Op: Max 
14
Op: Max 
15
Op: Max 
14
Op: Max 
18
Op: Sum 
744
Op: Min 
-3
Op: Add 
Op: Max 
18
Op: Max 
19
Op: Max 
19
Op: Max 
14
Op: Min 
-6
Op: Min 
-10
Op: Max 
14
Op: Min 
-6
Op: Max 
19
Op: Add 
Op: Max 
20
Op: Max 
20
Op: Min 
-9
Op: Max 
20
Op: Max 
13
Op: Max 
13
Op: Min 
-10
Op: Sum 
954
Op: Sum 
624
Op: Max 
20
Op: Max 
20
Op: Sub 
Op: Max 
15
Op: Sub 
Op: Min 
-5
Op: Max 
18
Op: Sub 
Op: Max 
15
Op: Max 
18
Op: Min 
-10
Op: Sum 
100
Op: Sub 
Op: Sub 
Op: Add 
Op: Sub 
Op: Max 
17
Op: Max 
17
Op: Sub 
Op: Min 
-10
Op: Add 
Op: Max 
9
Op: Sub 
Op: Max 
17
Op: Min 
-6
Op: Max 
17
Op: Sub 
Op: Sub 
Op: Add 
Op: Sub 
Op: Min 
-10
Op: Max 
17
Op: Min 
-6
Op: Max 
17
Op: Max 
17
Op: Max 
9
Op: Min 
-10
Op: Max 
10
Op: Max 
17
Op: Sub 
Op: Max 
17
Op: Sub 
Op: Add 
Op: Add 
Op: Sub 
Op: Add 
Op: Min 
-9
Op: Min 
-9
Op: Add 
Op: Min 
-10
Op: Min 
-5
Op: Min 
-10
Op: Max 
10
Op: Add 
Op: Add 
Op: Add 
Op: Max 
20
Op: Max 
10
Op: Min 
-9
Op: Add 
Op: Min 
-7
Op: Add 
Op: Min 
-5
Op: Max 
18
Op: Min 
-5
Op: Sum 
2001
Op: Min 
-7
Op: Sub 
Op: Min 
-8
Op: Max 
16
Op: Sub 
Op: Add 
Op: Min 
-8
Op: Max 
20
Op: Max 
16
Op: Max 
16
Op: Min 
-8
Op: Min 
-10
Op: Max 
20
Op: Max 
13
Op: Min 
-1
Op: Max 
15
Op: Sub 
Op: Sum 
1165
Op: Max 
16
Op: Sub 
Op: Min 
-8
Op: Max 
17
Op: Sub 
Op: Max 
19
Op: Sub 
Op: Sub 
Op: Sum 
1144
Op: Add 
Op: Sum 
47
Op: Add 
Op: Max 
14
Op: Min 
-11
Op: Max 
19
Op: Sub 
Op: Max 
15
Op: Max 
19
Op: Min 
-2
Op: Max 
14
Op: Max 
15
Op: Max 
19
Op: Max 
19
Op: Add 
Op: Max 
20
Op: Add 
Op: Min 
-10
Op: Max 
17
Op: Add 
Op: Sum 
1116
Op: Max 
10
Op: Max 
13
Op: Sub 
Op: Sub 
Op: Add 
Op: Max 
15
Op: Min 
-6
Op: Min 
-10
Op: Add 
Op: Max 
19
Op: Min 
-10
Op: Max 
19
Op: Max 
11
Op: Add 
Op: Sum 
4
Op: Max 
19
Op: Min 
-9
Op: Max 
16
Op: Max 
11
Op: Add 
Op: Min 
-5
Op: Max 
20
Op: Max 
20
Op: Max 
20
Op: Min 
-3
Op: Sum 
1428
Op: Min 
-11
Op: Sub 
Op: Max 
18
Op: Min 
-10
Op: Add 
Op: Max 
15
Op: Max 
15
Op: Max 
18
Op: Add 
Op: Add 
Op: Max 
15
Op: Min 
-7
Op: Sub 
Op: Sum 
332
Op: Max 
17
Op: Max 
20
Op: Max 
16
Op: Max 
20
Op: Max 
20
Op: Max 
20
Op: Sub 
Op: Max 
13
Op: Min 
-3
Op: Sub 
Op: Sub 
Op: Max 
19
Op: Max 
12
Op: Sub 
Op: Min 
-9
Op: Sub 
Op: Sum 
1179
Op: Add 
Op: Sum 
13
Op: Add 
Op: Min 
-8
Op: Max 
20
Op: Max 
20
Op: Min 
-7
Op: Max 
16
Op: Sum 
782
Op: Max 
20
Op: Add 
Op: Max 
20
Op: Max 
17
Op: Sum 
-18
Op: Add 
Op: Sum 
108
Op: Max 
4
Op: Max 
17
Op: Max 
20
Op: Max 
19
Op: Add 
Op: Max 
20
Op: Sub 
Op: Max 
16
Op: Max 
16
Op: Max 
20
Op: Max 
13
Op: Sub 
Op: Min 
-7
Op: Max 
20
Op: Min 
-10
Op: Add 
Op: Max 
7
Op: Add 
Op: Sum 
146
Op: Add 
Op: Max 
16
Op: Max 
19
Op: Min 
-9
Op: Sub 
Op: Sub 
Op: Sum 
1689
Op: Min 
-13
Op: Min 
-11
Op: Sum 
1376
Op: Min 
-2
Op: Min 
-6
Op: Min 
-11
Op: Min 
-2
Op: Add 
Op: Sub 
Op: Sub 
Op: Min 
-5
Op: Min 
-9
Op: Add 
Op: Max 
18
Op: Max 
19
Op: Max 
18
Op: Max 
19
Op: Max 
19
Op: Min 
-12
Op: Sum 
279
Op: Max 
19
Op: Max 
12
Op: Max 
18
Op: Add 
Op: Min 
-6
Op: Max 
13
Op: Sub 
Op: Sum 
1492
Op: Add 
Op: Sum 
537
Op: Sum 
1703
Op: Add 
Op: Max 
20
Op: Max 
17
Op: Max 
21
Op: Min 
-12
Op: Add 
Op: Min 
-8
Op: Sub 
Op: Min 
-12
Op: Min 
-5
Op: Max 
21
Op: Add 
Op: Max 
11
Op: Add 
Op: Sum 
510
Op: Add 
Op: Add 
Op: Max 
24
Op: Add 
Op: Min 
-10
Op: Max 
18
Op: Min 
-10
Op: Min 
-10
Op: Min 
-4
Op: Min 
3
Op: Add 
Op: Max 
24
Op: Sub 
Op: Sub 
Op: Min 
-4
Op: Add 
Op: Add 
Op: Min 
1
Op: Min 
1
Op: Max 
13
Op: Max 
26
Op: Max 
26
Op: Sub 
Op: Min 
-10
Op: Sub 
Op: Sum 
58
Op: Sum 
492
Op: Sub 
Op: Max 
24
Op: Sum 
1301
Op: Max 
11
Op: Add 
Op: Add 
Op: Max 
9
Op: Max 
25
Op: Add 
Op: Max 
25
Op: Sub 
Op: Min 
-3
Op: Add 
Op: Min 
-11
Op: Max 
25
Op: Sum 
1655
Op: Sub 
Op: Max 
24
Op: Max 
18
Op: Max 
24
Op: Max 
24
Op: Max 
16
Op: Max 
16
Op: Max 
24
Op: Min 
-11
Op: Min 
0
Op: Max 
18
Op: Min 
-8
Op: Add 
Op: Max 
24
Op: Min 
-13
Op: Sub 
Op: Max 
13
Op: Max 
23
Op: Max 
23
Op: Max 
13
Op: Sub 
Op: Add 
Op: Min 
-12
Op: Sub 
Op: Sum 
364
Op: Sum 
1332
Op: Min 
-11
Op: Add 
Op: Min 
-11
Op: Sub 
Op: Sum 
129
Op: Min 
-9
Op: Max 
22
Op: Min 
-12
Op: Sub 
Op: Min 
-12
Op: Add 
Op: Min 
-12
Op: Min 
-4
Op: Sub 
Op: Max 
9
Op: Add 
Op: Max 
6
Op: Sub 
Op: Sub 
Op: Min 
-9
Op: Max 
23
Op: Add 
Op: Min 
-4
Op: Add 
Op: Max 
24
Op: Sub 
Op: Add 
Op: Sub 
Op: Max 
22
Op: Max 
11
Op: Add 
Op: Max 
22
Op: Min 
-12
Op: Max 
10
Op: Min 
-11
Op: Max 
18
Op: Max 
18
Op: Add 
Op: Sub 
Op: Sub 
Op: Min 
-4
Op: Max 
22
Op: Max 
21
Op: Max 
18
Op: Add 
Op: Sum 
1164
Op: Min 
-11
Op: Max 
11
Op: Max 
22
Op: Max 
22
Op: Sub 
Op: Min 
-11
Op: Max 
22
Op: Sub 
Op: Max 
21
Op: Max 
17
Op: Max 
17
Op: Min 
-4
Op: Sub 
Op: Max 
20
Op: Min 
-13
Op: Max 
20
Op: Max 
20
Op: Sub 
Op: Max 
7
Op: Max 
11
Op: Max 
20
Op: Max 
10
Op: Min 
-5
Op: Max 
20
Op: Max 
20
Op: Min 
-11
Op: Sum 
213
Op: Max 
20
Op: Sum 
1154
Op: Max 
6
Op: Sub 
Op: Min 
-12
Op: Min 
-14
Op: Max 
20
Op: Max 
20
Op: Min 
-14
Op: Min 
-11
Op: Sum 
-186
Op: Min 
-11
Op: Sum 
77
Op: Sum 
1358
Op: Add 
Op: Max 
21
Op: Min 
-14
Op: Sub 
Op: Max 
21
Op: Min 
-8
Op: Sum 
-73
Op: Max 
21
Op: Max 
21
Op: Max 
21
Op: Min 
-11
Op: Sum 
68
Op: Min 
-11
Op: Min 
-14
Op: Min 
-6
Op: Max 
21
Op: Min 
-11
Op: Min 
-10
Op: Min 
-10
Op: Sub 
Op: Sum 
1237
Op: Max 
21
Op: Max 
21
Op: Sub 
Op: Add 
Op: Sum 
-139
Op: Sub 
Op: Max 
15
Op: Max 
15
Op: Min 
-12
Op: Min 
-4
Op: Min 
-15
Op: Sum 
993
Op: Max 
19
Op: Max 
19
Op: Add 
Op: Max 
10
Op: Sub 
Op: Max 
11
Op: Min 
-10
Op: Max 
19
Op: Add 
Op: Min 
-4
Op: Sum 
1029
Op: Sub 
Op: Max 
19
Op: Min 
-16
Op: Sub 
Op: Sum 
334
Op: Min 
-14
Op: Min 
-14
Op: Add 
Op: Sub 
Op: Sub 
Op: Max 
19
Op: Max 
19
Op: Sub 
Op: Min 
-17
Op: Sum 
-149
Op: Sub 
Op: Max 
13
Op: Add 
Op: Sub 
Op: Max 
13
Op: Add 
Op: Min 
-18
Op: Max 
19
Op: Add 
Op: Max 
19
Op: Sub 
Op: Add 
Op: Add 
Op: Max 
12
Op: Add 
Op: Max 
8
Op: Sub 
Op: Sub 
Op: Min 
-7
Op: Min 
-10
Op: Max 
20
Op: Add 
Op: Max 
8
Op: Add 
Op: Max 
21
Op: Min 
-6
Op: Sub 
Op: Add 
Op: Min 
-14
Op: Sub 
Op: Max 
11
Op: Sub 
Op: Max 
21
Op: Sub 
Op: Max 
21
Op: Max 
21
Op: Max 
11
Op: Min 
-11
Op: Sub 
Op: Add 
Op: Add 
Op: Add 
Op: Sum 
1022
Op: Sub 
Op: Sum 
206
Op: Sum 
1118
Op: Max 
20
Op: Max 
20
Op: Sub 
Op: Max 
16
Op: Max 
16
Op: Min 
-15
Op: Sub 
Op: Max 
15
Op: Sub 
Op: Sub 
Op: Min 
-17
Op: Max 
19
Op: Sum 
383
Op: Sub 
Op: Add 
Op: Min 
-17
Op: Min 
-17
Op: Min 
-9
Op: Sub 
Op: Max 
20
Op: Sub 
Op: Sum 
12
Op: Add 
Op: Min 
-8
Op: Max 
19
Op: Max 
18
Op: Max 
9
Op: Max 
19
Op: Min 
-12
Op: Max 
13
Op: Min 
-16
Op: Add 
Op: Sum 
870
Op: Min 
-16
Op: Sum 
745
Op: Min 
-9
Op: Min 
-16
Op: Add 
Op: Max 
14
Op: Max 
10
Op: Max 
10
Op: Sub 
Op: Max 
14
Op: Max 
21
Op: Add 
Op: Sub 
Op: Add 
Op: Sum 
78
Op: Max 
21
Op: Sub 
Op: Sum 
-184
Op: Sub 
Op: Max 
19
Op: Max 
14
Op: Add 
Op: Sub 
Op: Max 
20
Op: Min 
-13
Op: Max 
20
Op: Max 
20
Op: Max 
20
Op: Sum 
102
Op: Min 
-16
Op: Max 
12
Op: Max 
18
Op: Max 
14
Op: Max 
12
Op: Sub 
Op: Max 
17
Op: Sum 
39
Op: Max 
3
Op: Max 
12
Op: Add 
Op: Max 
19
Op: Min 
-10
Op: Sub 
Op: Add 
Op: Min 
-15
Op: Add 
Op: Add 
Op: Max 
14
Op: Max 
8
Op: Max 
14
Op: Max 
17
Op: Add 
Op: Add 
Op: Max 
14
Op: Sub 
Op: Add 
Op: Max 
19
Op: Min 
-15
Op: Min 
-9
Op: Add 
Op: Max 
19
Op: Max 
19
Op: Max 
19
Op: Sub 
Op: Max 
18
Op: Sub 
Op: Add 
Op: Sum 
671
Op: Sub 
Op: Min 
-8
Op: Sub 
Op: Add 
Op: Max 
11
Op: Min 
-15
Op: Max 
14
Op: Sub 
Op: Sub 
Op: Max 
17
Op: Min 
-8
Op: Sub 
Op: Sub 
Op: Max 
17
Op: Sub 
Op: Sum 
-227
Op: Max 
14
Op: Max 
-1
Op: Max 
16
Op: Max 
16
Op: Min 
-20
Op: Max 
16
Op: Min 
-15
Op: Max 
16
Op: Max 
16
Op: Max 
15
Op: Max 
16
Op: Min 
-10
Op: Add 
Op: Sub 
Op: Max 
10
Op: Add 
Op: Min 
-16
Op: Sum 
715
Op: Min 
-20
Op: Sub 
Op: Max 
18
Op: Sub 
Op: Add 
Op: Sum 
324
Op: Max 
11
Op: Min 
-20
Op: Min 
-13
Op: Sub 
Op: Min 
-20
Op: Min 
-13
Op: Min 
-11
Op: Max 
17
Op: Max 
17
Op: Sub 
Op: Sum 
-45
Op: Max 
16
Op: Sub 
Op: Max 
16
Op: Sub 
Op: Max 
14
Op: Min 
-22
Op: Add 
Op: Sum 
-237
Op: Add 
Op: Min 
-13
Op: Sum 
-236
Op: Sum 
-28
Op: Max 
15
Op: Max 
11
Op: Add 
Op: Min 
-13
Op: Max 
16
Op: Add 
Op: Min 
-20
Op: Add 
Op: Sub 
Op: Max 
15
Op: Sub 
Op: Add 
Op: Sum 
-501
Op: Max 
14
Op: Min 
-17
Op: Max 
11
Op: Max 
15
Op: Max 
7
Op: Sub 
Op: Add 
Op: Sum 
-137
Op: Max 
8
Op: Max 
15
Op: Max 
8
Op: Sub 
Op: Sub 
Op: Max 
12
Op: Max 
14
Op: Sub 
Op: Sub 
Op: Max 
11
Op: Sub 
Op: Sub 
Op: Max 
11
Op: Min 
-14
Op: Max 
13
Op: Add 
Op: Max 
7
Op: Add 
Op: Max 
14
Op: Sum 
-240
Op: Sub 
Op: Max 
11
Op: Add 
Op: Min 
-15
Op: Sum 
-850
Op: Sum 
-725
Op: Max 
13
Op: Min 
-23
Op: Min 
-15
Op: Max 
13
Op: Sub 
Op: Sum 
-1365
Op: Max 
12
Op: Min 
-9
Op: Min 
-24
Op: Add 
Op: Max 
12
Op: Sum 
-122
Op: Max 
12
Op: Max 
2
Op: Max 
12
Op: Min 
-15
Op: Max 
11
Op: Sub 
Op: Max 
12
Op: Sub 
Op: Sub 
Op: Min 
-24
Op: Max 
9
Op: Sum 
-863
Op: Sub 
Op: Min 
-19
Op: Max 
11
Op: Sub 
Op: Min 
-16
Op: Add 
Op: Max 
9
Op: Sum 
-1037
Op: Max 
10
Op: Max 
9
Op: Max 
10
Op: Add 
Op: Add 
Op: Max 
10
Op: Min 
-14
Op: Max 
11
Op: Max 
11
Op: Sub 
Op: Max 
6
Op: Add 
Op: Min 
-23
Op: Max 
11
Op: Max 
11
Op: Sum 
-423
Op: Max 
11
Op: Min 
-11
Op: Sum 
-849
Op: Sum 
-478
Op: Max 
11
Op: Max 
11
Op: Min 
-18
Op: Add 
Op: Sub 
Op: Max 
3
Op: Add 
Op: Add 
Op: Min 
-19
Op: Max 
8
Op: Add 
Op: Sub 
Op: Sub 
Op: Add 
Op: Max 
10
Op: Max 
7
Op: Sub 
Op: Sub 
Op: Sum 
-1679
Op: Min 
-22
Op: Sum 
-1975
Op: Max 
-1
Op: Add 
Op: Max 
10
Op: Max 
6
Op: Max 
11
Op: Min 
-21
Op: Add 
Op: Sum 
-1420
Op: Max 
10
Op: Max 
4
Op: Max 
10
Op: Max 
10
Op: Max 
10
Op: Min 
-17
Op: Max 
5
Op: Min 
-20
Op: Sub 
Op: Min 
-20
Op: Sum 
-184
Op: Max 
10
Op: Min 
-18
Op: Max 
10
Op: Max 
11
Op: Min 
-18
Op: Min 
-20
Op: Min 
-17
Op: Sub 
Op: Sub 
Op: Min 
-19
Op: Max 
9
Op: Max 
10
Op: Max 
5
Op: Max 
9
Op: Sum 
-650
Op: Min 
-17
Op: Max 
6
Op: Max 
9
Op: Sub 
Op: Max 
10
Op: Max 
11
Op: Sum 
-1170
Op: Max 
2
Op: Max 
8
Op: Max 
8
Op: Max 
10
Op: Add 
Op: Add 
Op: Max 
9
Op: Max 
10
Op: Max 
11
Op: Max 
5
Op: Add 
Op: Sum 
-458
Op: Sub 
Op: Sub 
Op: Sub 
Op: Max 
11
Op: Max 
9
Op: Min 
-19
Op: Add 
Op: Sub 
Op: Max 
11
Op: Max 
9
Op: Sub 
Op: Max 
8
Op: Max 
8
Op: Max 
8
Op: Max 
0
Op: Sub 
Op: Min 
-23
Op: Max 
10
Op: Add 
Op: Max 
8
Op: Sub 
Op: Add 
Op: Max 
5
Op: Max 
9
Op: Add 
Op: Max 
9
Op: Max 
9
Op: Min 
-20
Op: Sum 
-58
Op: Max 
10
Op: Max 
9
Op: Sub 
Op: Min 
-21
Op: Max 
10
Op: Add 
Op: Max 
9
Op: Max 
9
Op: Min 
-18
Op: Max 
5
Op: Add 
Op: Min 
-21
Op: Add 
Op: Max 
5
Op: Add 
Op: Max 
11
Op: Max 
11
Op: Sub 
Op: Sub 
Op: Max 
10
Op: Add 
Op: Max 
11
Op: Min 
-22
Op: Min 
-22
Op: Min 
-22
Op: Max 
11
Op: Max 
11
Op: Min 
-21
Op: Add 
Op: Sub 
Op: Sum 
-1434
Op: Add 
Op: Sum 
-686
Op: Max 
12
Op: Max 
10
Op: Max 
12
Op: Min 
-20
Op: Sum 
-859
Op: Add 
Op: Max 
12
Op: Max 
12
Op: Min 
-19
Op: Min 
-12
Op: Min 
-21
Op: Add 
Op: Sub 
Op: Sum 
-14
Op: Max 
7
Op: Min 
-21
Op: Sum 
-370
Op: Add 
Op: Add 
Op: Add 
Op: Max 
12
Op: Max 
14
Op: Min 
-19
Op: Sub 
Op: Max 
14
Op: Min 
-15
Op: Sub 
Op: Min 
-15
Op: Sum 
-556
Op: Min 
-16
Op: Min 
-20
Op: Max 
8
Op: Max 
8
Op: Add 
Op: Max 
13
Op: Max 
13
Op: Sub 
Op: Min 
-20
Op: Sub 
Op: Max 
13
Op: Sub 
Op: Min 
-20
Op: Max 
7
Op: Max 
13
Op: Add 
Op: Max 
13
Op: Max 
11
Op: Sub 
Op: Max 
11
Op: Sub 
Op: Add 
Op: Max 
12
Op: Sub 
Op: Sub 
Op: Min 
-20
Op: Max 
11
Op: Sum 
-782
Op: Max 
11
Op: Sub 
Op: Add 
Op: Max 
6
Op: Min 
-19
Op: Max 
11
Op: Max 
12
Op: Max 
12
Op: Sub 
Op: Sub 
Op: Min 
-21
Op: Sum 
-18
Op: Max 
-4
Op: Sub 
Op: Sum 
-240
Op: Max 
9
Op: Add 
Op: Min 
-15
Op: Max 
11
Op: Max 
7
Op: Sub 
Op: Max 
12
Op: Max 
12
Op: Max 
10
Op: Sub 
Op: Add 
Op: Max 
10
Op: Max 
10
Op: Sub 
Op: Max 
11
Op: Sub 
Op: Max 
6
Op: Max 
11
Op: Max 
11
Op: Min 
-20
Op: Min 
-21
Op: Add 
Op: Sub 
Op: Min 
-16
Op: Sub 
Op: Min 
-20
Op: Sub 
Op: Max 
12
Op: Sub 
Op: Sum 
-264
Op: Sub 
Op: Max 
8
Op: Max 
-2
Op: Add 
Op: Sub 
Op: Sub 
Op: Add 
Op: Sub 
Op: Min 
-23
Op: Max 
4
Op: Min 
-5
Op: Max 
4
Op: Add 
Op: Max 
12
Op: Sub 
Op: Max 
0
Op: Max 
6
Op: Min 
-24
Op: Max 
6
Op: Max 
3
Op: Min 
-24
Op: Min 
-10
Op: Add 
Op: Sum 
-1385
Op: Min 
-24
Op: Min 
-24
Op: Add 
Op: Max 
11
Op: Max 
11
Op: Add 
Op: Add 
Op: Sub 
Op: Sum 
-645
Op: Max 
8
Op: Min 
-13
Op: Max 
5
Op: Max 
9
Op: Min 
-21
Op: Max 
8
Op: Sub 
Op: Max 
-4
Op: Add 
Op: Sum 
-903
Op: Max 
4
Op: Max 
7
Op: Min 
-19
Op: Sub 
Op: Add 
Op: Max 
3
Op: Sub 
Op: Min 
-25
Op: Add 
Op: Sum 
-1145
Op: Add 
Op: Add 
Op: Max 
12
Op: Min 
-22
Op: Sub 
Op: Sum 
-806
Op: Min 
-23
Op: Max 
5
Op: Max 
11
Op: Min 
-22
Op: Sub 
Op: Max 
-1
Op: Max 
12
Op: Max 
12
Op: Min 
-22
Op: Sub 
Op: Sum 
-58
Op: Sub 
Op: Add 
Op: Sum 
-9
Op: Add 
Op: Add 
Op: Max 
13
Op: Sub 
Op: Sub 
Op: Sum 
-563
Op: Max 
10
Op: Sum 
-198
Op: Min 
-24
Op: Max 
7
Op: Max 
12
Op: Max 
12
Op: Sub 
Op: Add 
Op: Max 
5
Op: Sum 
14
Op: Max 
13
Op: Sum 
-1104
Op: Sum 
-58
Op: Max 
-1
Op: Max 
5
Op: Max 
11
Op: Sub 
Op: Sub 
Op: Min 
-22
Op: Max 
9
Op: Add 
Op: Sum 
65
Op: Add 
Op: Max 
0
Op: Max 
4
Op: Max 
8
Op: Max 
-6
Op: Min 
-25
Op: Max 
-4
Op: Sum 
-1012
Op: Max 
9
Op: Sum 
-914
Op: Sub 
Op: Add 
Op: Max 
11
Op: Add 
Op: Max 
-2
Op: Sub 
Op: Min 
-22
Op: Max 
0
Op: Max 
2
Op: Max 
10
Op: Max 
12
Op: Sum 
-2798
Op: Sum 
-2837
Op: Add 
Op: Max 
-4
Op: Max 
5
Op: Min 
-22
Op: Add 
Op: Max 
12
Op: Sub 
Op: Sub 
Op: Max 
12
Op: Max 
12
Op: Sub 
Op: Max 
1
Op: Add 
Op: Max 
13
Op: Sum 
69
Op: Max 
4
Op: Sub 
Op: Add 
Op: Min 
-24
Op: Max 
1
Op: Max 
-7
Op: Max 
1
Op: Min 
-12
Op: Max 
4
Op: Add 
Op: Add 
Op: Min 
-23
Op: Add 
Op: Max 
7
Op: Max 
6
Op: Max 
6
Op: Sum 
-2150
Op: Add 
Op: Add 
Op: Sub 
Op: Sub 
Op: Sum 
-630
Op: Min 
-21
Op: Add 
Op: Sub 
Op: Sub 
Op: Max 
13
Op: Sum 
-1390
Op: Max 
13
Op: Min 
-23
Op: Min 
-7
Op: Min 
-22
Op: Max 
13
Op: Sub 
Op: Add 
Op: Max 
5
Op: Min 
-23
Op: Sum 
-2455
Op: Max 
5
Op: Min 
-23
Op: Add 
Op: Max 
14
Op: Sub 
Op: Max 
4
Op: Add 
Op: Min 
-23
Op: Sum 
-522
Op: Min 
-23
Op: Sum 
-2648
Op: Sub 
Op: Sub 
Op: Max 
6
Op: Max 
13
Op: Max 
10
Op: Min 
-2
Op: Sum 
-982
Op: Add 
Op: Min 
-24
Op: Max 
-2
Op: Max 
14
Op: Min 
-22
Op: Min 
-24
Op: Max 
14
Op: Min 
-23
Op: Add 
Op: Sub 
Op: Min 
-24
Op: Sub 
Op: Min 
-25
Op: Add 
Op: Min 
-24
Op: 